[2017-05-31 10:02:43] lumen.ERROR: PDOException: SQLSTATE[42000]: Syntax error or access violation: 1072 Key column 'breed_id' doesn't exist in table in /var/www/html/vendor/illuminate/database/Connection.php:449
Stack trace:
#0 /var/www/html/vendor/illuminate/database/Connection.php(449): PDOStatement->execute()
#1 /var/www/html/vendor/illuminate/database/Connection.php(640): Illuminate\Database\Connection->Illuminate\Database\{closure}('alter table `do...', Array)
#2 /var/www/html/vendor/illuminate/database/Connection.php(607): Illuminate\Database\Connection->runQueryCallback('alter table `do...', Array, Object(Closure))
#3 /var/www/html/vendor/illuminate/database/Connection.php(450): Illuminate\Database\Connection->run('alter table `do...', Array, Object(Closure))
#4 /var/www/html/vendor/illuminate/database/Schema/Blueprint.php(83): Illuminate\Database\Connection->statement('alter table `do...')
#5 /var/www/html/vendor/illuminate/database/Schema/Builder.php(239): Illuminate\Database\Schema\Blueprint->build(Object(Illuminate\Database\MySqlConnection), Object(Illuminate\Database\Schema\Grammars\MySqlGrammar))
#6 /var/www/html/vendor/illuminate/database/Schema/Builder.php(164): Illuminate\Database\Schema\Builder->build(Object(Illuminate\Database\Schema\Blueprint))
#7 /var/www/html/vendor/illuminate/support/Facades/Facade.php(221): Illuminate\Database\Schema\Builder->create('dogs', Object(Closure))
#8 /var/www/html/database/migrations/2017_05_31_095628_create_dogs_table.php(21): Illuminate\Support\Facades\Facade::__callStatic('create', Array)
#9 /var/www/html/vendor/illuminate/database/Migrations/Migrator.php(353): CreateDogsTable->up()
#10 /var/www/html/vendor/illuminate/database/Migrations/Migrator.php(359): Illuminate\Database\Migrations\Migrator->Illuminate\Database\Migrations\{closure}()
#11 /var/www/html/vendor/illuminate/database/Migrations/Migrator.php(177): Illuminate\Database\Migrations\Migrator->runMigration(Object(CreateDogsTable), 'up')
#12 /var/www/html/vendor/illuminate/database/Migrations/Migrator.php(146): Illuminate\Database\Migrations\Migrator->runUp('/var/www/html/d...', 1, false)
#13 /var/www/html/vendor/illuminate/database/Migrations/Migrator.php(95): Illuminate\Database\Migrations\Migrator->runPending(Array, Array)
#14 /var/www/html/vendor/illuminate/database/Console/Migrations/MigrateCommand.php(69): Illuminate\Database\Migrations\Migrator->run(Array, Array)
#15 [internal function]: Illuminate\Database\Console\Migrations\MigrateCommand->fire()
#16 /var/www/html/vendor/illuminate/container/BoundMethod.php(29): call_user_func_array(Array, Array)
#17 /var/www/html/vendor/illuminate/container/BoundMethod.php(87): Illuminate\Container\BoundMethod::Illuminate\Container\{closure}()
#18 /var/www/html/vendor/illuminate/container/BoundMethod.php(31): Illuminate\Container\BoundMethod::callBoundMethod(Object(Laravel\Lumen\Application), Array, Object(Closure))
#19 /var/www/html/vendor/illuminate/container/Container.php(531): Illuminate\Container\BoundMethod::call(Object(Laravel\Lumen\Application), Array, Array, NULL)
#20 /var/www/html/vendor/illuminate/console/Command.php(182): Illuminate\Container\Container->call(Array)
#21 /var/www/html/vendor/symfony/console/Command/Command.php(264): Illuminate\Console\Command->execute(Object(Symfony\Component\Console\Input\ArgvInput), Object(Illuminate\Console\OutputStyle))
#22 /var/www/html/vendor/illuminate/console/Command.php(167): Symfony\Component\Console\Command\Command->run(Object(Symfony\Component\Console\Input\ArgvInput), Object(Illuminate\Console\OutputStyle))
#23 /var/www/html/vendor/symfony/console/Application.php(869): Illuminate\Console\Command->run(Object(Symfony\Component\Console\Input\ArgvInput), Object(Symfony\Component\Console\Output\ConsoleOutput))
#24 /var/www/html/vendor/symfony/console/Application.php(223): Symfony\Component\Console\Application->doRunCommand(Object(Illuminate\Database\Console\Migrations\MigrateCommand), Object(Symfony\Component\Console\Input\ArgvInput), Object(Symfony\Component\Console\Output\ConsoleOutput))
#25 /var/www/html/vendor/symfony/console/Application.php(130): Symfony\Component\Console\Application->doRun(Object(Symfony\Component\Console\Input\ArgvInput), Object(Symfony\Component\Console\Output\ConsoleOutput))
#26 /var/www/html/vendor/laravel/lumen-framework/src/Console/Kernel.php(84): Symfony\Component\Console\Application->run(Object(Symfony\Component\Console\Input\ArgvInput), Object(Symfony\Component\Console\Output\ConsoleOutput))
#27 /var/www/html/artisan(35): Laravel\Lumen\Console\Kernel->handle(Object(Symfony\Component\Console\Input\ArgvInput), Object(Symfony\Component\Console\Output\ConsoleOutput))
#28 {main}

Next Illuminate\Database\QueryException: SQLSTATE[42000]: Syntax error or access violation: 1072 Key column 'breed_id' doesn't exist in table (SQL: alter table `dogs` add constraint `dogs_breed_id_foreign` foreign key (`breed_id`) references `breeds` (`id`)) in /var/www/html/vendor/illuminate/database/Connection.php:647
Stack trace:
#0 /var/www/html/vendor/illuminate/database/Connection.php(607): Illuminate\Database\Connection->runQueryCallback('alter table `do...', Array, Object(Closure))
#1 /var/www/html/vendor/illuminate/database/Connection.php(450): Illuminate\Database\Connection->run('alter table `do...', Array, Object(Closure))
#2 /var/www/html/vendor/illuminate/database/Schema/Blueprint.php(83): Illuminate\Database\Connection->statement('alter table `do...')
#3 /var/www/html/vendor/illuminate/database/Schema/Builder.php(239): Illuminate\Database\Schema\Blueprint->build(Object(Illuminate\Database\MySqlConnection), Object(Illuminate\Database\Schema\Grammars\MySqlGrammar))
#4 /var/www/html/vendor/illuminate/database/Schema/Builder.php(164): Illuminate\Database\Schema\Builder->build(Object(Illuminate\Database\Schema\Blueprint))
#5 /var/www/html/vendor/illuminate/support/Facades/Facade.php(221): Illuminate\Database\Schema\Builder->create('dogs', Object(Closure))
#6 /var/www/html/database/migrations/2017_05_31_095628_create_dogs_table.php(21): Illuminate\Support\Facades\Facade::__callStatic('create', Array)
#7 /var/www/html/vendor/illuminate/database/Migrations/Migrator.php(353): CreateDogsTable->up()
#8 /var/www/html/vendor/illuminate/database/Migrations/Migrator.php(359): Illuminate\Database\Migrations\Migrator->Illuminate\Database\Migrations\{closure}()
#9 /var/www/html/vendor/illuminate/database/Migrations/Migrator.php(177): Illuminate\Database\Migrations\Migrator->runMigration(Object(CreateDogsTable), 'up')
#10 /var/www/html/vendor/illuminate/database/Migrations/Migrator.php(146): Illuminate\Database\Migrations\Migrator->runUp('/var/www/html/d...', 1, false)
#11 /var/www/html/vendor/illuminate/database/Migrations/Migrator.php(95): Illuminate\Database\Migrations\Migrator->runPending(Array, Array)
#12 /var/www/html/vendor/illuminate/database/Console/Migrations/MigrateCommand.php(69): Illuminate\Database\Migrations\Migrator->run(Array, Array)
#13 [internal function]: Illuminate\Database\Console\Migrations\MigrateCommand->fire()
#14 /var/www/html/vendor/illuminate/container/BoundMethod.php(29): call_user_func_array(Array, Array)
#15 /var/www/html/vendor/illuminate/container/BoundMethod.php(87): Illuminate\Container\BoundMethod::Illuminate\Container\{closure}()
#16 /var/www/html/vendor/illuminate/container/BoundMethod.php(31): Illuminate\Container\BoundMethod::callBoundMethod(Object(Laravel\Lumen\Application), Array, Object(Closure))
#17 /var/www/html/vendor/illuminate/container/Container.php(531): Illuminate\Container\BoundMethod::call(Object(Laravel\Lumen\Application), Array, Array, NULL)
#18 /var/www/html/vendor/illuminate/console/Command.php(182): Illuminate\Container\Container->call(Array)
#19 /var/www/html/vendor/symfony/console/Command/Command.php(264): Illuminate\Console\Command->execute(Object(Symfony\Component\Console\Input\ArgvInput), Object(Illuminate\Console\OutputStyle))
#20 /var/www/html/vendor/illuminate/console/Command.php(167): Symfony\Component\Console\Command\Command->run(Object(Symfony\Component\Console\Input\ArgvInput), Object(Illuminate\Console\OutputStyle))
#21 /var/www/html/vendor/symfony/console/Application.php(869): Illuminate\Console\Command->run(Object(Symfony\Component\Console\Input\ArgvInput), Object(Symfony\Component\Console\Output\ConsoleOutput))
#22 /var/www/html/vendor/symfony/console/Application.php(223): Symfony\Component\Console\Application->doRunCommand(Object(Illuminate\Database\Console\Migrations\MigrateCommand), Object(Symfony\Component\Console\Input\ArgvInput), Object(Symfony\Component\Console\Output\ConsoleOutput))
#23 /var/www/html/vendor/symfony/console/Application.php(130): Symfony\Component\Console\Application->doRun(Object(Symfony\Component\Console\Input\ArgvInput), Object(Symfony\Component\Console\Output\ConsoleOutput))
#24 /var/www/html/vendor/laravel/lumen-framework/src/Console/Kernel.php(84): Symfony\Component\Console\Application->run(Object(Symfony\Component\Console\Input\ArgvInput), Object(Symfony\Component\Console\Output\ConsoleOutput))
#25 /var/www/html/artisan(35): Laravel\Lumen\Console\Kernel->handle(Object(Symfony\Component\Console\Input\ArgvInput), Object(Symfony\Component\Console\Output\ConsoleOutput))
#26 {main}  
[2017-05-31 10:03:58] lumen.ERROR: Symfony\Component\Debug\Exception\FatalThrowableError: Class 'CreateDogsBreedsTable' not found in /var/www/html/vendor/illuminate/database/Migrations/Migrator.php:411
Stack trace:
#0 /var/www/html/vendor/illuminate/database/Migrations/Migrator.php(168): Illuminate\Database\Migrations\Migrator->resolve('2017_05_31_0956...')
#1 /var/www/html/vendor/illuminate/database/Migrations/Migrator.php(146): Illuminate\Database\Migrations\Migrator->runUp('/var/www/html/d...', 2, false)
#2 /var/www/html/vendor/illuminate/database/Migrations/Migrator.php(95): Illuminate\Database\Migrations\Migrator->runPending(Array, Array)
#3 /var/www/html/vendor/illuminate/database/Console/Migrations/MigrateCommand.php(69): Illuminate\Database\Migrations\Migrator->run(Array, Array)
#4 [internal function]: Illuminate\Database\Console\Migrations\MigrateCommand->fire()
#5 /var/www/html/vendor/illuminate/container/BoundMethod.php(29): call_user_func_array(Array, Array)
#6 /var/www/html/vendor/illuminate/container/BoundMethod.php(87): Illuminate\Container\BoundMethod::Illuminate\Container\{closure}()
#7 /var/www/html/vendor/illuminate/container/BoundMethod.php(31): Illuminate\Container\BoundMethod::callBoundMethod(Object(Laravel\Lumen\Application), Array, Object(Closure))
#8 /var/www/html/vendor/illuminate/container/Container.php(531): Illuminate\Container\BoundMethod::call(Object(Laravel\Lumen\Application), Array, Array, NULL)
#9 /var/www/html/vendor/illuminate/console/Command.php(182): Illuminate\Container\Container->call(Array)
#10 /var/www/html/vendor/symfony/console/Command/Command.php(264): Illuminate\Console\Command->execute(Object(Symfony\Component\Console\Input\ArgvInput), Object(Illuminate\Console\OutputStyle))
#11 /var/www/html/vendor/illuminate/console/Command.php(167): Symfony\Component\Console\Command\Command->run(Object(Symfony\Component\Console\Input\ArgvInput), Object(Illuminate\Console\OutputStyle))
#12 /var/www/html/vendor/symfony/console/Application.php(869): Illuminate\Console\Command->run(Object(Symfony\Component\Console\Input\ArgvInput), Object(Symfony\Component\Console\Output\ConsoleOutput))
#13 /var/www/html/vendor/symfony/console/Application.php(223): Symfony\Component\Console\Application->doRunCommand(Object(Illuminate\Database\Console\Migrations\MigrateCommand), Object(Symfony\Component\Console\Input\ArgvInput), Object(Symfony\Component\Console\Output\ConsoleOutput))
#14 /var/www/html/vendor/symfony/console/Application.php(130): Symfony\Component\Console\Application->doRun(Object(Symfony\Component\Console\Input\ArgvInput), Object(Symfony\Component\Console\Output\ConsoleOutput))
#15 /var/www/html/vendor/laravel/lumen-framework/src/Console/Kernel.php(84): Symfony\Component\Console\Application->run(Object(Symfony\Component\Console\Input\ArgvInput), Object(Symfony\Component\Console\Output\ConsoleOutput))
#16 /var/www/html/artisan(35): Laravel\Lumen\Console\Kernel->handle(Object(Symfony\Component\Console\Input\ArgvInput), Object(Symfony\Component\Console\Output\ConsoleOutput))
#17 {main}  
[2017-05-31 10:05:22] lumen.ERROR: Symfony\Component\Console\Exception\RuntimeException: Too many arguments, expected arguments "command". in /var/www/html/vendor/symfony/console/Input/ArgvInput.php:189
Stack trace:
#0 /var/www/html/vendor/symfony/console/Input/ArgvInput.php(88): Symfony\Component\Console\Input\ArgvInput->parseArgument('users')
#1 /var/www/html/vendor/symfony/console/Input/Input.php(63): Symfony\Component\Console\Input\ArgvInput->parse()
#2 /var/www/html/vendor/symfony/console/Command/Command.php(222): Symfony\Component\Console\Input\Input->bind(Object(Symfony\Component\Console\Input\InputDefinition))
#3 /var/www/html/vendor/illuminate/console/Command.php(167): Symfony\Component\Console\Command\Command->run(Object(Symfony\Component\Console\Input\ArgvInput), Object(Illuminate\Console\OutputStyle))
#4 /var/www/html/vendor/symfony/console/Application.php(869): Illuminate\Console\Command->run(Object(Symfony\Component\Console\Input\ArgvInput), Object(Symfony\Component\Console\Output\ConsoleOutput))
#5 /var/www/html/vendor/symfony/console/Application.php(223): Symfony\Component\Console\Application->doRunCommand(Object(Illuminate\Database\Console\Migrations\MigrateCommand), Object(Symfony\Component\Console\Input\ArgvInput), Object(Symfony\Component\Console\Output\ConsoleOutput))
#6 /var/www/html/vendor/symfony/console/Application.php(130): Symfony\Component\Console\Application->doRun(Object(Symfony\Component\Console\Input\ArgvInput), Object(Symfony\Component\Console\Output\ConsoleOutput))
#7 /var/www/html/vendor/laravel/lumen-framework/src/Console/Kernel.php(84): Symfony\Component\Console\Application->run(Object(Symfony\Component\Console\Input\ArgvInput), Object(Symfony\Component\Console\Output\ConsoleOutput))
#8 /var/www/html/artisan(35): Laravel\Lumen\Console\Kernel->handle(Object(Symfony\Component\Console\Input\ArgvInput), Object(Symfony\Component\Console\Output\ConsoleOutput))
#9 {main}  
[2017-05-31 10:05:53] lumen.ERROR: Symfony\Component\Console\Exception\RuntimeException: The "--class" option does not exist. in /var/www/html/vendor/symfony/console/Input/ArgvInput.php:224
Stack trace:
#0 /var/www/html/vendor/symfony/console/Input/ArgvInput.php(158): Symfony\Component\Console\Input\ArgvInput->addLongOption('class', 'users')
#1 /var/www/html/vendor/symfony/console/Input/ArgvInput.php(84): Symfony\Component\Console\Input\ArgvInput->parseLongOption('--class=users')
#2 /var/www/html/vendor/symfony/console/Input/Input.php(63): Symfony\Component\Console\Input\ArgvInput->parse()
#3 /var/www/html/vendor/symfony/console/Command/Command.php(222): Symfony\Component\Console\Input\Input->bind(Object(Symfony\Component\Console\Input\InputDefinition))
#4 /var/www/html/vendor/illuminate/console/Command.php(167): Symfony\Component\Console\Command\Command->run(Object(Symfony\Component\Console\Input\ArgvInput), Object(Illuminate\Console\OutputStyle))
#5 /var/www/html/vendor/symfony/console/Application.php(869): Illuminate\Console\Command->run(Object(Symfony\Component\Console\Input\ArgvInput), Object(Symfony\Component\Console\Output\ConsoleOutput))
#6 /var/www/html/vendor/symfony/console/Application.php(223): Symfony\Component\Console\Application->doRunCommand(Object(Illuminate\Database\Console\Migrations\MigrateCommand), Object(Symfony\Component\Console\Input\ArgvInput), Object(Symfony\Component\Console\Output\ConsoleOutput))
#7 /var/www/html/vendor/symfony/console/Application.php(130): Symfony\Component\Console\Application->doRun(Object(Symfony\Component\Console\Input\ArgvInput), Object(Symfony\Component\Console\Output\ConsoleOutput))
#8 /var/www/html/vendor/laravel/lumen-framework/src/Console/Kernel.php(84): Symfony\Component\Console\Application->run(Object(Symfony\Component\Console\Input\ArgvInput), Object(Symfony\Component\Console\Output\ConsoleOutput))
#9 /var/www/html/artisan(35): Laravel\Lumen\Console\Kernel->handle(Object(Symfony\Component\Console\Input\ArgvInput), Object(Symfony\Component\Console\Output\ConsoleOutput))
#10 {main}  
[2017-05-31 10:07:15] lumen.ERROR: Symfony\Component\Console\Exception\CommandNotFoundException: Command "make" is not defined.

Did you mean one of these?
    make:migration
    make:seeder in /var/www/html/vendor/symfony/console/Application.php:579
Stack trace:
#0 /var/www/html/vendor/symfony/console/Application.php(204): Symfony\Component\Console\Application->find('make')
#1 /var/www/html/vendor/symfony/console/Application.php(130): Symfony\Component\Console\Application->doRun(Object(Symfony\Component\Console\Input\ArgvInput), Object(Symfony\Component\Console\Output\ConsoleOutput))
#2 /var/www/html/vendor/laravel/lumen-framework/src/Console/Kernel.php(84): Symfony\Component\Console\Application->run(Object(Symfony\Component\Console\Input\ArgvInput), Object(Symfony\Component\Console\Output\ConsoleOutput))
#3 /var/www/html/artisan(35): Laravel\Lumen\Console\Kernel->handle(Object(Symfony\Component\Console\Input\ArgvInput), Object(Symfony\Component\Console\Output\ConsoleOutput))
#4 {main}  
[2017-05-31 10:09:01] lumen.ERROR: PDOException: SQLSTATE[42S01]: Base table or view already exists: 1050 Table 'dogs' already exists in /var/www/html/vendor/illuminate/database/Connection.php:449
Stack trace:
#0 /var/www/html/vendor/illuminate/database/Connection.php(449): PDOStatement->execute()
#1 /var/www/html/vendor/illuminate/database/Connection.php(640): Illuminate\Database\Connection->Illuminate\Database\{closure}('create table `d...', Array)
#2 /var/www/html/vendor/illuminate/database/Connection.php(607): Illuminate\Database\Connection->runQueryCallback('create table `d...', Array, Object(Closure))
#3 /var/www/html/vendor/illuminate/database/Connection.php(450): Illuminate\Database\Connection->run('create table `d...', Array, Object(Closure))
#4 /var/www/html/vendor/illuminate/database/Schema/Blueprint.php(83): Illuminate\Database\Connection->statement('create table `d...')
#5 /var/www/html/vendor/illuminate/database/Schema/Builder.php(239): Illuminate\Database\Schema\Blueprint->build(Object(Illuminate\Database\MySqlConnection), Object(Illuminate\Database\Schema\Grammars\MySqlGrammar))
#6 /var/www/html/vendor/illuminate/database/Schema/Builder.php(164): Illuminate\Database\Schema\Builder->build(Object(Illuminate\Database\Schema\Blueprint))
#7 /var/www/html/vendor/illuminate/support/Facades/Facade.php(221): Illuminate\Database\Schema\Builder->create('dogs', Object(Closure))
#8 /var/www/html/database/migrations/2017_05_31_095628_create_dogs_table.php(19): Illuminate\Support\Facades\Facade::__callStatic('create', Array)
#9 /var/www/html/vendor/illuminate/database/Migrations/Migrator.php(353): CreateDogsTable->up()
#10 /var/www/html/vendor/illuminate/database/Migrations/Migrator.php(359): Illuminate\Database\Migrations\Migrator->Illuminate\Database\Migrations\{closure}()
#11 /var/www/html/vendor/illuminate/database/Migrations/Migrator.php(177): Illuminate\Database\Migrations\Migrator->runMigration(Object(CreateDogsTable), 'up')
#12 /var/www/html/vendor/illuminate/database/Migrations/Migrator.php(146): Illuminate\Database\Migrations\Migrator->runUp('/var/www/html/d...', 1, false)
#13 /var/www/html/vendor/illuminate/database/Migrations/Migrator.php(95): Illuminate\Database\Migrations\Migrator->runPending(Array, Array)
#14 /var/www/html/vendor/illuminate/database/Console/Migrations/MigrateCommand.php(69): Illuminate\Database\Migrations\Migrator->run(Array, Array)
#15 [internal function]: Illuminate\Database\Console\Migrations\MigrateCommand->fire()
#16 /var/www/html/vendor/illuminate/container/BoundMethod.php(29): call_user_func_array(Array, Array)
#17 /var/www/html/vendor/illuminate/container/BoundMethod.php(87): Illuminate\Container\BoundMethod::Illuminate\Container\{closure}()
#18 /var/www/html/vendor/illuminate/container/BoundMethod.php(31): Illuminate\Container\BoundMethod::callBoundMethod(Object(Laravel\Lumen\Application), Array, Object(Closure))
#19 /var/www/html/vendor/illuminate/container/Container.php(531): Illuminate\Container\BoundMethod::call(Object(Laravel\Lumen\Application), Array, Array, NULL)
#20 /var/www/html/vendor/illuminate/console/Command.php(182): Illuminate\Container\Container->call(Array)
#21 /var/www/html/vendor/symfony/console/Command/Command.php(264): Illuminate\Console\Command->execute(Object(Symfony\Component\Console\Input\ArgvInput), Object(Illuminate\Console\OutputStyle))
#22 /var/www/html/vendor/illuminate/console/Command.php(167): Symfony\Component\Console\Command\Command->run(Object(Symfony\Component\Console\Input\ArgvInput), Object(Illuminate\Console\OutputStyle))
#23 /var/www/html/vendor/symfony/console/Application.php(869): Illuminate\Console\Command->run(Object(Symfony\Component\Console\Input\ArgvInput), Object(Symfony\Component\Console\Output\ConsoleOutput))
#24 /var/www/html/vendor/symfony/console/Application.php(223): Symfony\Component\Console\Application->doRunCommand(Object(Illuminate\Database\Console\Migrations\MigrateCommand), Object(Symfony\Component\Console\Input\ArgvInput), Object(Symfony\Component\Console\Output\ConsoleOutput))
#25 /var/www/html/vendor/symfony/console/Application.php(130): Symfony\Component\Console\Application->doRun(Object(Symfony\Component\Console\Input\ArgvInput), Object(Symfony\Component\Console\Output\ConsoleOutput))
#26 /var/www/html/vendor/laravel/lumen-framework/src/Console/Kernel.php(84): Symfony\Component\Console\Application->run(Object(Symfony\Component\Console\Input\ArgvInput), Object(Symfony\Component\Console\Output\ConsoleOutput))
#27 /var/www/html/artisan(35): Laravel\Lumen\Console\Kernel->handle(Object(Symfony\Component\Console\Input\ArgvInput), Object(Symfony\Component\Console\Output\ConsoleOutput))
#28 {main}

Next Illuminate\Database\QueryException: SQLSTATE[42S01]: Base table or view already exists: 1050 Table 'dogs' already exists (SQL: create table `dogs` (`id` int unsigned not null auto_increment primary key, `displayName` varchar(255) not null, `photoURL` varchar(255) not null, `created_at` timestamp null, `updated_at` timestamp null) default character set utf8 collate utf8_unicode_ci) in /var/www/html/vendor/illuminate/database/Connection.php:647
Stack trace:
#0 /var/www/html/vendor/illuminate/database/Connection.php(607): Illuminate\Database\Connection->runQueryCallback('create table `d...', Array, Object(Closure))
#1 /var/www/html/vendor/illuminate/database/Connection.php(450): Illuminate\Database\Connection->run('create table `d...', Array, Object(Closure))
#2 /var/www/html/vendor/illuminate/database/Schema/Blueprint.php(83): Illuminate\Database\Connection->statement('create table `d...')
#3 /var/www/html/vendor/illuminate/database/Schema/Builder.php(239): Illuminate\Database\Schema\Blueprint->build(Object(Illuminate\Database\MySqlConnection), Object(Illuminate\Database\Schema\Grammars\MySqlGrammar))
#4 /var/www/html/vendor/illuminate/database/Schema/Builder.php(164): Illuminate\Database\Schema\Builder->build(Object(Illuminate\Database\Schema\Blueprint))
#5 /var/www/html/vendor/illuminate/support/Facades/Facade.php(221): Illuminate\Database\Schema\Builder->create('dogs', Object(Closure))
#6 /var/www/html/database/migrations/2017_05_31_095628_create_dogs_table.php(19): Illuminate\Support\Facades\Facade::__callStatic('create', Array)
#7 /var/www/html/vendor/illuminate/database/Migrations/Migrator.php(353): CreateDogsTable->up()
#8 /var/www/html/vendor/illuminate/database/Migrations/Migrator.php(359): Illuminate\Database\Migrations\Migrator->Illuminate\Database\Migrations\{closure}()
#9 /var/www/html/vendor/illuminate/database/Migrations/Migrator.php(177): Illuminate\Database\Migrations\Migrator->runMigration(Object(CreateDogsTable), 'up')
#10 /var/www/html/vendor/illuminate/database/Migrations/Migrator.php(146): Illuminate\Database\Migrations\Migrator->runUp('/var/www/html/d...', 1, false)
#11 /var/www/html/vendor/illuminate/database/Migrations/Migrator.php(95): Illuminate\Database\Migrations\Migrator->runPending(Array, Array)
#12 /var/www/html/vendor/illuminate/database/Console/Migrations/MigrateCommand.php(69): Illuminate\Database\Migrations\Migrator->run(Array, Array)
#13 [internal function]: Illuminate\Database\Console\Migrations\MigrateCommand->fire()
#14 /var/www/html/vendor/illuminate/container/BoundMethod.php(29): call_user_func_array(Array, Array)
#15 /var/www/html/vendor/illuminate/container/BoundMethod.php(87): Illuminate\Container\BoundMethod::Illuminate\Container\{closure}()
#16 /var/www/html/vendor/illuminate/container/BoundMethod.php(31): Illuminate\Container\BoundMethod::callBoundMethod(Object(Laravel\Lumen\Application), Array, Object(Closure))
#17 /var/www/html/vendor/illuminate/container/Container.php(531): Illuminate\Container\BoundMethod::call(Object(Laravel\Lumen\Application), Array, Array, NULL)
#18 /var/www/html/vendor/illuminate/console/Command.php(182): Illuminate\Container\Container->call(Array)
#19 /var/www/html/vendor/symfony/console/Command/Command.php(264): Illuminate\Console\Command->execute(Object(Symfony\Component\Console\Input\ArgvInput), Object(Illuminate\Console\OutputStyle))
#20 /var/www/html/vendor/illuminate/console/Command.php(167): Symfony\Component\Console\Command\Command->run(Object(Symfony\Component\Console\Input\ArgvInput), Object(Illuminate\Console\OutputStyle))
#21 /var/www/html/vendor/symfony/console/Application.php(869): Illuminate\Console\Command->run(Object(Symfony\Component\Console\Input\ArgvInput), Object(Symfony\Component\Console\Output\ConsoleOutput))
#22 /var/www/html/vendor/symfony/console/Application.php(223): Symfony\Component\Console\Application->doRunCommand(Object(Illuminate\Database\Console\Migrations\MigrateCommand), Object(Symfony\Component\Console\Input\ArgvInput), Object(Symfony\Component\Console\Output\ConsoleOutput))
#23 /var/www/html/vendor/symfony/console/Application.php(130): Symfony\Component\Console\Application->doRun(Object(Symfony\Component\Console\Input\ArgvInput), Object(Symfony\Component\Console\Output\ConsoleOutput))
#24 /var/www/html/vendor/laravel/lumen-framework/src/Console/Kernel.php(84): Symfony\Component\Console\Application->run(Object(Symfony\Component\Console\Input\ArgvInput), Object(Symfony\Component\Console\Output\ConsoleOutput))
#25 /var/www/html/artisan(35): Laravel\Lumen\Console\Kernel->handle(Object(Symfony\Component\Console\Input\ArgvInput), Object(Symfony\Component\Console\Output\ConsoleOutput))
#26 {main}  
[2017-05-31 10:09:15] lumen.ERROR: PDOException: SQLSTATE[42S01]: Base table or view already exists: 1050 Table 'dogs' already exists in /var/www/html/vendor/illuminate/database/Connection.php:449
Stack trace:
#0 /var/www/html/vendor/illuminate/database/Connection.php(449): PDOStatement->execute()
#1 /var/www/html/vendor/illuminate/database/Connection.php(640): Illuminate\Database\Connection->Illuminate\Database\{closure}('create table `d...', Array)
#2 /var/www/html/vendor/illuminate/database/Connection.php(607): Illuminate\Database\Connection->runQueryCallback('create table `d...', Array, Object(Closure))
#3 /var/www/html/vendor/illuminate/database/Connection.php(450): Illuminate\Database\Connection->run('create table `d...', Array, Object(Closure))
#4 /var/www/html/vendor/illuminate/database/Schema/Blueprint.php(83): Illuminate\Database\Connection->statement('create table `d...')
#5 /var/www/html/vendor/illuminate/database/Schema/Builder.php(239): Illuminate\Database\Schema\Blueprint->build(Object(Illuminate\Database\MySqlConnection), Object(Illuminate\Database\Schema\Grammars\MySqlGrammar))
#6 /var/www/html/vendor/illuminate/database/Schema/Builder.php(164): Illuminate\Database\Schema\Builder->build(Object(Illuminate\Database\Schema\Blueprint))
#7 /var/www/html/vendor/illuminate/support/Facades/Facade.php(221): Illuminate\Database\Schema\Builder->create('dogs', Object(Closure))
#8 /var/www/html/database/migrations/2017_05_31_095628_create_dogs_table.php(19): Illuminate\Support\Facades\Facade::__callStatic('create', Array)
#9 /var/www/html/vendor/illuminate/database/Migrations/Migrator.php(353): CreateDogsTable->up()
#10 /var/www/html/vendor/illuminate/database/Migrations/Migrator.php(359): Illuminate\Database\Migrations\Migrator->Illuminate\Database\Migrations\{closure}()
#11 /var/www/html/vendor/illuminate/database/Migrations/Migrator.php(177): Illuminate\Database\Migrations\Migrator->runMigration(Object(CreateDogsTable), 'up')
#12 /var/www/html/vendor/illuminate/database/Migrations/Migrator.php(146): Illuminate\Database\Migrations\Migrator->runUp('/var/www/html/d...', 1, false)
#13 /var/www/html/vendor/illuminate/database/Migrations/Migrator.php(95): Illuminate\Database\Migrations\Migrator->runPending(Array, Array)
#14 /var/www/html/vendor/illuminate/database/Console/Migrations/MigrateCommand.php(69): Illuminate\Database\Migrations\Migrator->run(Array, Array)
#15 [internal function]: Illuminate\Database\Console\Migrations\MigrateCommand->fire()
#16 /var/www/html/vendor/illuminate/container/BoundMethod.php(29): call_user_func_array(Array, Array)
#17 /var/www/html/vendor/illuminate/container/BoundMethod.php(87): Illuminate\Container\BoundMethod::Illuminate\Container\{closure}()
#18 /var/www/html/vendor/illuminate/container/BoundMethod.php(31): Illuminate\Container\BoundMethod::callBoundMethod(Object(Laravel\Lumen\Application), Array, Object(Closure))
#19 /var/www/html/vendor/illuminate/container/Container.php(531): Illuminate\Container\BoundMethod::call(Object(Laravel\Lumen\Application), Array, Array, NULL)
#20 /var/www/html/vendor/illuminate/console/Command.php(182): Illuminate\Container\Container->call(Array)
#21 /var/www/html/vendor/symfony/console/Command/Command.php(264): Illuminate\Console\Command->execute(Object(Symfony\Component\Console\Input\ArgvInput), Object(Illuminate\Console\OutputStyle))
#22 /var/www/html/vendor/illuminate/console/Command.php(167): Symfony\Component\Console\Command\Command->run(Object(Symfony\Component\Console\Input\ArgvInput), Object(Illuminate\Console\OutputStyle))
#23 /var/www/html/vendor/symfony/console/Application.php(869): Illuminate\Console\Command->run(Object(Symfony\Component\Console\Input\ArgvInput), Object(Symfony\Component\Console\Output\ConsoleOutput))
#24 /var/www/html/vendor/symfony/console/Application.php(223): Symfony\Component\Console\Application->doRunCommand(Object(Illuminate\Database\Console\Migrations\MigrateCommand), Object(Symfony\Component\Console\Input\ArgvInput), Object(Symfony\Component\Console\Output\ConsoleOutput))
#25 /var/www/html/vendor/symfony/console/Application.php(130): Symfony\Component\Console\Application->doRun(Object(Symfony\Component\Console\Input\ArgvInput), Object(Symfony\Component\Console\Output\ConsoleOutput))
#26 /var/www/html/vendor/laravel/lumen-framework/src/Console/Kernel.php(84): Symfony\Component\Console\Application->run(Object(Symfony\Component\Console\Input\ArgvInput), Object(Symfony\Component\Console\Output\ConsoleOutput))
#27 /var/www/html/artisan(35): Laravel\Lumen\Console\Kernel->handle(Object(Symfony\Component\Console\Input\ArgvInput), Object(Symfony\Component\Console\Output\ConsoleOutput))
#28 {main}

Next Illuminate\Database\QueryException: SQLSTATE[42S01]: Base table or view already exists: 1050 Table 'dogs' already exists (SQL: create table `dogs` (`id` int unsigned not null auto_increment primary key, `displayName` varchar(255) not null, `photoURL` varchar(255) not null, `created_at` timestamp null, `updated_at` timestamp null) default character set utf8 collate utf8_unicode_ci) in /var/www/html/vendor/illuminate/database/Connection.php:647
Stack trace:
#0 /var/www/html/vendor/illuminate/database/Connection.php(607): Illuminate\Database\Connection->runQueryCallback('create table `d...', Array, Object(Closure))
#1 /var/www/html/vendor/illuminate/database/Connection.php(450): Illuminate\Database\Connection->run('create table `d...', Array, Object(Closure))
#2 /var/www/html/vendor/illuminate/database/Schema/Blueprint.php(83): Illuminate\Database\Connection->statement('create table `d...')
#3 /var/www/html/vendor/illuminate/database/Schema/Builder.php(239): Illuminate\Database\Schema\Blueprint->build(Object(Illuminate\Database\MySqlConnection), Object(Illuminate\Database\Schema\Grammars\MySqlGrammar))
#4 /var/www/html/vendor/illuminate/database/Schema/Builder.php(164): Illuminate\Database\Schema\Builder->build(Object(Illuminate\Database\Schema\Blueprint))
#5 /var/www/html/vendor/illuminate/support/Facades/Facade.php(221): Illuminate\Database\Schema\Builder->create('dogs', Object(Closure))
#6 /var/www/html/database/migrations/2017_05_31_095628_create_dogs_table.php(19): Illuminate\Support\Facades\Facade::__callStatic('create', Array)
#7 /var/www/html/vendor/illuminate/database/Migrations/Migrator.php(353): CreateDogsTable->up()
#8 /var/www/html/vendor/illuminate/database/Migrations/Migrator.php(359): Illuminate\Database\Migrations\Migrator->Illuminate\Database\Migrations\{closure}()
#9 /var/www/html/vendor/illuminate/database/Migrations/Migrator.php(177): Illuminate\Database\Migrations\Migrator->runMigration(Object(CreateDogsTable), 'up')
#10 /var/www/html/vendor/illuminate/database/Migrations/Migrator.php(146): Illuminate\Database\Migrations\Migrator->runUp('/var/www/html/d...', 1, false)
#11 /var/www/html/vendor/illuminate/database/Migrations/Migrator.php(95): Illuminate\Database\Migrations\Migrator->runPending(Array, Array)
#12 /var/www/html/vendor/illuminate/database/Console/Migrations/MigrateCommand.php(69): Illuminate\Database\Migrations\Migrator->run(Array, Array)
#13 [internal function]: Illuminate\Database\Console\Migrations\MigrateCommand->fire()
#14 /var/www/html/vendor/illuminate/container/BoundMethod.php(29): call_user_func_array(Array, Array)
#15 /var/www/html/vendor/illuminate/container/BoundMethod.php(87): Illuminate\Container\BoundMethod::Illuminate\Container\{closure}()
#16 /var/www/html/vendor/illuminate/container/BoundMethod.php(31): Illuminate\Container\BoundMethod::callBoundMethod(Object(Laravel\Lumen\Application), Array, Object(Closure))
#17 /var/www/html/vendor/illuminate/container/Container.php(531): Illuminate\Container\BoundMethod::call(Object(Laravel\Lumen\Application), Array, Array, NULL)
#18 /var/www/html/vendor/illuminate/console/Command.php(182): Illuminate\Container\Container->call(Array)
#19 /var/www/html/vendor/symfony/console/Command/Command.php(264): Illuminate\Console\Command->execute(Object(Symfony\Component\Console\Input\ArgvInput), Object(Illuminate\Console\OutputStyle))
#20 /var/www/html/vendor/illuminate/console/Command.php(167): Symfony\Component\Console\Command\Command->run(Object(Symfony\Component\Console\Input\ArgvInput), Object(Illuminate\Console\OutputStyle))
#21 /var/www/html/vendor/symfony/console/Application.php(869): Illuminate\Console\Command->run(Object(Symfony\Component\Console\Input\ArgvInput), Object(Symfony\Component\Console\Output\ConsoleOutput))
#22 /var/www/html/vendor/symfony/console/Application.php(223): Symfony\Component\Console\Application->doRunCommand(Object(Illuminate\Database\Console\Migrations\MigrateCommand), Object(Symfony\Component\Console\Input\ArgvInput), Object(Symfony\Component\Console\Output\ConsoleOutput))
#23 /var/www/html/vendor/symfony/console/Application.php(130): Symfony\Component\Console\Application->doRun(Object(Symfony\Component\Console\Input\ArgvInput), Object(Symfony\Component\Console\Output\ConsoleOutput))
#24 /var/www/html/vendor/laravel/lumen-framework/src/Console/Kernel.php(84): Symfony\Component\Console\Application->run(Object(Symfony\Component\Console\Input\ArgvInput), Object(Symfony\Component\Console\Output\ConsoleOutput))
#25 /var/www/html/artisan(35): Laravel\Lumen\Console\Kernel->handle(Object(Symfony\Component\Console\Input\ArgvInput), Object(Symfony\Component\Console\Output\ConsoleOutput))
#26 {main}  
[2017-05-31 10:09:43] lumen.ERROR: PDOException: SQLSTATE[42S01]: Base table or view already exists: 1050 Table 'dogs' already exists in /var/www/html/vendor/illuminate/database/Connection.php:449
Stack trace:
#0 /var/www/html/vendor/illuminate/database/Connection.php(449): PDOStatement->execute()
#1 /var/www/html/vendor/illuminate/database/Connection.php(640): Illuminate\Database\Connection->Illuminate\Database\{closure}('create table `d...', Array)
#2 /var/www/html/vendor/illuminate/database/Connection.php(607): Illuminate\Database\Connection->runQueryCallback('create table `d...', Array, Object(Closure))
#3 /var/www/html/vendor/illuminate/database/Connection.php(450): Illuminate\Database\Connection->run('create table `d...', Array, Object(Closure))
#4 /var/www/html/vendor/illuminate/database/Schema/Blueprint.php(83): Illuminate\Database\Connection->statement('create table `d...')
#5 /var/www/html/vendor/illuminate/database/Schema/Builder.php(239): Illuminate\Database\Schema\Blueprint->build(Object(Illuminate\Database\MySqlConnection), Object(Illuminate\Database\Schema\Grammars\MySqlGrammar))
#6 /var/www/html/vendor/illuminate/database/Schema/Builder.php(164): Illuminate\Database\Schema\Builder->build(Object(Illuminate\Database\Schema\Blueprint))
#7 /var/www/html/vendor/illuminate/support/Facades/Facade.php(221): Illuminate\Database\Schema\Builder->create('dogs', Object(Closure))
#8 /var/www/html/database/migrations/2017_05_31_095628_create_dogs_table.php(19): Illuminate\Support\Facades\Facade::__callStatic('create', Array)
#9 /var/www/html/vendor/illuminate/database/Migrations/Migrator.php(353): CreateDogsTable->up()
#10 /var/www/html/vendor/illuminate/database/Migrations/Migrator.php(359): Illuminate\Database\Migrations\Migrator->Illuminate\Database\Migrations\{closure}()
#11 /var/www/html/vendor/illuminate/database/Migrations/Migrator.php(177): Illuminate\Database\Migrations\Migrator->runMigration(Object(CreateDogsTable), 'up')
#12 /var/www/html/vendor/illuminate/database/Migrations/Migrator.php(146): Illuminate\Database\Migrations\Migrator->runUp('/var/www/html/d...', 1, false)
#13 /var/www/html/vendor/illuminate/database/Migrations/Migrator.php(95): Illuminate\Database\Migrations\Migrator->runPending(Array, Array)
#14 /var/www/html/vendor/illuminate/database/Console/Migrations/MigrateCommand.php(69): Illuminate\Database\Migrations\Migrator->run(Array, Array)
#15 [internal function]: Illuminate\Database\Console\Migrations\MigrateCommand->fire()
#16 /var/www/html/vendor/illuminate/container/BoundMethod.php(29): call_user_func_array(Array, Array)
#17 /var/www/html/vendor/illuminate/container/BoundMethod.php(87): Illuminate\Container\BoundMethod::Illuminate\Container\{closure}()
#18 /var/www/html/vendor/illuminate/container/BoundMethod.php(31): Illuminate\Container\BoundMethod::callBoundMethod(Object(Laravel\Lumen\Application), Array, Object(Closure))
#19 /var/www/html/vendor/illuminate/container/Container.php(531): Illuminate\Container\BoundMethod::call(Object(Laravel\Lumen\Application), Array, Array, NULL)
#20 /var/www/html/vendor/illuminate/console/Command.php(182): Illuminate\Container\Container->call(Array)
#21 /var/www/html/vendor/symfony/console/Command/Command.php(264): Illuminate\Console\Command->execute(Object(Symfony\Component\Console\Input\ArgvInput), Object(Illuminate\Console\OutputStyle))
#22 /var/www/html/vendor/illuminate/console/Command.php(167): Symfony\Component\Console\Command\Command->run(Object(Symfony\Component\Console\Input\ArgvInput), Object(Illuminate\Console\OutputStyle))
#23 /var/www/html/vendor/symfony/console/Application.php(869): Illuminate\Console\Command->run(Object(Symfony\Component\Console\Input\ArgvInput), Object(Symfony\Component\Console\Output\ConsoleOutput))
#24 /var/www/html/vendor/symfony/console/Application.php(223): Symfony\Component\Console\Application->doRunCommand(Object(Illuminate\Database\Console\Migrations\MigrateCommand), Object(Symfony\Component\Console\Input\ArgvInput), Object(Symfony\Component\Console\Output\ConsoleOutput))
#25 /var/www/html/vendor/symfony/console/Application.php(130): Symfony\Component\Console\Application->doRun(Object(Symfony\Component\Console\Input\ArgvInput), Object(Symfony\Component\Console\Output\ConsoleOutput))
#26 /var/www/html/vendor/laravel/lumen-framework/src/Console/Kernel.php(84): Symfony\Component\Console\Application->run(Object(Symfony\Component\Console\Input\ArgvInput), Object(Symfony\Component\Console\Output\ConsoleOutput))
#27 /var/www/html/artisan(35): Laravel\Lumen\Console\Kernel->handle(Object(Symfony\Component\Console\Input\ArgvInput), Object(Symfony\Component\Console\Output\ConsoleOutput))
#28 {main}

Next Illuminate\Database\QueryException: SQLSTATE[42S01]: Base table or view already exists: 1050 Table 'dogs' already exists (SQL: create table `dogs` (`id` int unsigned not null auto_increment primary key, `displayName` varchar(255) not null, `photoURL` varchar(255) not null, `created_at` timestamp null, `updated_at` timestamp null) default character set utf8 collate utf8_unicode_ci) in /var/www/html/vendor/illuminate/database/Connection.php:647
Stack trace:
#0 /var/www/html/vendor/illuminate/database/Connection.php(607): Illuminate\Database\Connection->runQueryCallback('create table `d...', Array, Object(Closure))
#1 /var/www/html/vendor/illuminate/database/Connection.php(450): Illuminate\Database\Connection->run('create table `d...', Array, Object(Closure))
#2 /var/www/html/vendor/illuminate/database/Schema/Blueprint.php(83): Illuminate\Database\Connection->statement('create table `d...')
#3 /var/www/html/vendor/illuminate/database/Schema/Builder.php(239): Illuminate\Database\Schema\Blueprint->build(Object(Illuminate\Database\MySqlConnection), Object(Illuminate\Database\Schema\Grammars\MySqlGrammar))
#4 /var/www/html/vendor/illuminate/database/Schema/Builder.php(164): Illuminate\Database\Schema\Builder->build(Object(Illuminate\Database\Schema\Blueprint))
#5 /var/www/html/vendor/illuminate/support/Facades/Facade.php(221): Illuminate\Database\Schema\Builder->create('dogs', Object(Closure))
#6 /var/www/html/database/migrations/2017_05_31_095628_create_dogs_table.php(19): Illuminate\Support\Facades\Facade::__callStatic('create', Array)
#7 /var/www/html/vendor/illuminate/database/Migrations/Migrator.php(353): CreateDogsTable->up()
#8 /var/www/html/vendor/illuminate/database/Migrations/Migrator.php(359): Illuminate\Database\Migrations\Migrator->Illuminate\Database\Migrations\{closure}()
#9 /var/www/html/vendor/illuminate/database/Migrations/Migrator.php(177): Illuminate\Database\Migrations\Migrator->runMigration(Object(CreateDogsTable), 'up')
#10 /var/www/html/vendor/illuminate/database/Migrations/Migrator.php(146): Illuminate\Database\Migrations\Migrator->runUp('/var/www/html/d...', 1, false)
#11 /var/www/html/vendor/illuminate/database/Migrations/Migrator.php(95): Illuminate\Database\Migrations\Migrator->runPending(Array, Array)
#12 /var/www/html/vendor/illuminate/database/Console/Migrations/MigrateCommand.php(69): Illuminate\Database\Migrations\Migrator->run(Array, Array)
#13 [internal function]: Illuminate\Database\Console\Migrations\MigrateCommand->fire()
#14 /var/www/html/vendor/illuminate/container/BoundMethod.php(29): call_user_func_array(Array, Array)
#15 /var/www/html/vendor/illuminate/container/BoundMethod.php(87): Illuminate\Container\BoundMethod::Illuminate\Container\{closure}()
#16 /var/www/html/vendor/illuminate/container/BoundMethod.php(31): Illuminate\Container\BoundMethod::callBoundMethod(Object(Laravel\Lumen\Application), Array, Object(Closure))
#17 /var/www/html/vendor/illuminate/container/Container.php(531): Illuminate\Container\BoundMethod::call(Object(Laravel\Lumen\Application), Array, Array, NULL)
#18 /var/www/html/vendor/illuminate/console/Command.php(182): Illuminate\Container\Container->call(Array)
#19 /var/www/html/vendor/symfony/console/Command/Command.php(264): Illuminate\Console\Command->execute(Object(Symfony\Component\Console\Input\ArgvInput), Object(Illuminate\Console\OutputStyle))
#20 /var/www/html/vendor/illuminate/console/Command.php(167): Symfony\Component\Console\Command\Command->run(Object(Symfony\Component\Console\Input\ArgvInput), Object(Illuminate\Console\OutputStyle))
#21 /var/www/html/vendor/symfony/console/Application.php(869): Illuminate\Console\Command->run(Object(Symfony\Component\Console\Input\ArgvInput), Object(Symfony\Component\Console\Output\ConsoleOutput))
#22 /var/www/html/vendor/symfony/console/Application.php(223): Symfony\Component\Console\Application->doRunCommand(Object(Illuminate\Database\Console\Migrations\MigrateCommand), Object(Symfony\Component\Console\Input\ArgvInput), Object(Symfony\Component\Console\Output\ConsoleOutput))
#23 /var/www/html/vendor/symfony/console/Application.php(130): Symfony\Component\Console\Application->doRun(Object(Symfony\Component\Console\Input\ArgvInput), Object(Symfony\Component\Console\Output\ConsoleOutput))
#24 /var/www/html/vendor/laravel/lumen-framework/src/Console/Kernel.php(84): Symfony\Component\Console\Application->run(Object(Symfony\Component\Console\Input\ArgvInput), Object(Symfony\Component\Console\Output\ConsoleOutput))
#25 /var/www/html/artisan(35): Laravel\Lumen\Console\Kernel->handle(Object(Symfony\Component\Console\Input\ArgvInput), Object(Symfony\Component\Console\Output\ConsoleOutput))
#26 {main}  
[2017-05-31 10:13:17] lumen.ERROR: PDOException: SQLSTATE[42S01]: Base table or view already exists: 1050 Table 'dogs' already exists in /var/www/html/vendor/illuminate/database/Connection.php:449
Stack trace:
#0 /var/www/html/vendor/illuminate/database/Connection.php(449): PDOStatement->execute()
#1 /var/www/html/vendor/illuminate/database/Connection.php(640): Illuminate\Database\Connection->Illuminate\Database\{closure}('create table `d...', Array)
#2 /var/www/html/vendor/illuminate/database/Connection.php(607): Illuminate\Database\Connection->runQueryCallback('create table `d...', Array, Object(Closure))
#3 /var/www/html/vendor/illuminate/database/Connection.php(450): Illuminate\Database\Connection->run('create table `d...', Array, Object(Closure))
#4 /var/www/html/vendor/illuminate/database/Schema/Blueprint.php(83): Illuminate\Database\Connection->statement('create table `d...')
#5 /var/www/html/vendor/illuminate/database/Schema/Builder.php(239): Illuminate\Database\Schema\Blueprint->build(Object(Illuminate\Database\MySqlConnection), Object(Illuminate\Database\Schema\Grammars\MySqlGrammar))
#6 /var/www/html/vendor/illuminate/database/Schema/Builder.php(164): Illuminate\Database\Schema\Builder->build(Object(Illuminate\Database\Schema\Blueprint))
#7 /var/www/html/vendor/illuminate/support/Facades/Facade.php(221): Illuminate\Database\Schema\Builder->create('dogs', Object(Closure))
#8 /var/www/html/database/migrations/2017_05_31_095628_create_dogs_table.php(19): Illuminate\Support\Facades\Facade::__callStatic('create', Array)
#9 /var/www/html/vendor/illuminate/database/Migrations/Migrator.php(353): CreateDogsTable->up()
#10 /var/www/html/vendor/illuminate/database/Migrations/Migrator.php(359): Illuminate\Database\Migrations\Migrator->Illuminate\Database\Migrations\{closure}()
#11 /var/www/html/vendor/illuminate/database/Migrations/Migrator.php(177): Illuminate\Database\Migrations\Migrator->runMigration(Object(CreateDogsTable), 'up')
#12 /var/www/html/vendor/illuminate/database/Migrations/Migrator.php(146): Illuminate\Database\Migrations\Migrator->runUp('/var/www/html/d...', 1, false)
#13 /var/www/html/vendor/illuminate/database/Migrations/Migrator.php(95): Illuminate\Database\Migrations\Migrator->runPending(Array, Array)
#14 /var/www/html/vendor/illuminate/database/Console/Migrations/MigrateCommand.php(69): Illuminate\Database\Migrations\Migrator->run(Array, Array)
#15 [internal function]: Illuminate\Database\Console\Migrations\MigrateCommand->fire()
#16 /var/www/html/vendor/illuminate/container/BoundMethod.php(29): call_user_func_array(Array, Array)
#17 /var/www/html/vendor/illuminate/container/BoundMethod.php(87): Illuminate\Container\BoundMethod::Illuminate\Container\{closure}()
#18 /var/www/html/vendor/illuminate/container/BoundMethod.php(31): Illuminate\Container\BoundMethod::callBoundMethod(Object(Laravel\Lumen\Application), Array, Object(Closure))
#19 /var/www/html/vendor/illuminate/container/Container.php(531): Illuminate\Container\BoundMethod::call(Object(Laravel\Lumen\Application), Array, Array, NULL)
#20 /var/www/html/vendor/illuminate/console/Command.php(182): Illuminate\Container\Container->call(Array)
#21 /var/www/html/vendor/symfony/console/Command/Command.php(264): Illuminate\Console\Command->execute(Object(Symfony\Component\Console\Input\ArgvInput), Object(Illuminate\Console\OutputStyle))
#22 /var/www/html/vendor/illuminate/console/Command.php(167): Symfony\Component\Console\Command\Command->run(Object(Symfony\Component\Console\Input\ArgvInput), Object(Illuminate\Console\OutputStyle))
#23 /var/www/html/vendor/symfony/console/Application.php(869): Illuminate\Console\Command->run(Object(Symfony\Component\Console\Input\ArgvInput), Object(Symfony\Component\Console\Output\ConsoleOutput))
#24 /var/www/html/vendor/symfony/console/Application.php(223): Symfony\Component\Console\Application->doRunCommand(Object(Illuminate\Database\Console\Migrations\MigrateCommand), Object(Symfony\Component\Console\Input\ArgvInput), Object(Symfony\Component\Console\Output\ConsoleOutput))
#25 /var/www/html/vendor/symfony/console/Application.php(130): Symfony\Component\Console\Application->doRun(Object(Symfony\Component\Console\Input\ArgvInput), Object(Symfony\Component\Console\Output\ConsoleOutput))
#26 /var/www/html/vendor/laravel/lumen-framework/src/Console/Kernel.php(84): Symfony\Component\Console\Application->run(Object(Symfony\Component\Console\Input\ArgvInput), Object(Symfony\Component\Console\Output\ConsoleOutput))
#27 /var/www/html/artisan(35): Laravel\Lumen\Console\Kernel->handle(Object(Symfony\Component\Console\Input\ArgvInput), Object(Symfony\Component\Console\Output\ConsoleOutput))
#28 {main}

Next Illuminate\Database\QueryException: SQLSTATE[42S01]: Base table or view already exists: 1050 Table 'dogs' already exists (SQL: create table `dogs` (`id` int unsigned not null auto_increment primary key, `displayName` varchar(255) not null, `photoURL` varchar(255) not null, `created_at` timestamp null, `updated_at` timestamp null) default character set utf8 collate utf8_unicode_ci) in /var/www/html/vendor/illuminate/database/Connection.php:647
Stack trace:
#0 /var/www/html/vendor/illuminate/database/Connection.php(607): Illuminate\Database\Connection->runQueryCallback('create table `d...', Array, Object(Closure))
#1 /var/www/html/vendor/illuminate/database/Connection.php(450): Illuminate\Database\Connection->run('create table `d...', Array, Object(Closure))
#2 /var/www/html/vendor/illuminate/database/Schema/Blueprint.php(83): Illuminate\Database\Connection->statement('create table `d...')
#3 /var/www/html/vendor/illuminate/database/Schema/Builder.php(239): Illuminate\Database\Schema\Blueprint->build(Object(Illuminate\Database\MySqlConnection), Object(Illuminate\Database\Schema\Grammars\MySqlGrammar))
#4 /var/www/html/vendor/illuminate/database/Schema/Builder.php(164): Illuminate\Database\Schema\Builder->build(Object(Illuminate\Database\Schema\Blueprint))
#5 /var/www/html/vendor/illuminate/support/Facades/Facade.php(221): Illuminate\Database\Schema\Builder->create('dogs', Object(Closure))
#6 /var/www/html/database/migrations/2017_05_31_095628_create_dogs_table.php(19): Illuminate\Support\Facades\Facade::__callStatic('create', Array)
#7 /var/www/html/vendor/illuminate/database/Migrations/Migrator.php(353): CreateDogsTable->up()
#8 /var/www/html/vendor/illuminate/database/Migrations/Migrator.php(359): Illuminate\Database\Migrations\Migrator->Illuminate\Database\Migrations\{closure}()
#9 /var/www/html/vendor/illuminate/database/Migrations/Migrator.php(177): Illuminate\Database\Migrations\Migrator->runMigration(Object(CreateDogsTable), 'up')
#10 /var/www/html/vendor/illuminate/database/Migrations/Migrator.php(146): Illuminate\Database\Migrations\Migrator->runUp('/var/www/html/d...', 1, false)
#11 /var/www/html/vendor/illuminate/database/Migrations/Migrator.php(95): Illuminate\Database\Migrations\Migrator->runPending(Array, Array)
#12 /var/www/html/vendor/illuminate/database/Console/Migrations/MigrateCommand.php(69): Illuminate\Database\Migrations\Migrator->run(Array, Array)
#13 [internal function]: Illuminate\Database\Console\Migrations\MigrateCommand->fire()
#14 /var/www/html/vendor/illuminate/container/BoundMethod.php(29): call_user_func_array(Array, Array)
#15 /var/www/html/vendor/illuminate/container/BoundMethod.php(87): Illuminate\Container\BoundMethod::Illuminate\Container\{closure}()
#16 /var/www/html/vendor/illuminate/container/BoundMethod.php(31): Illuminate\Container\BoundMethod::callBoundMethod(Object(Laravel\Lumen\Application), Array, Object(Closure))
#17 /var/www/html/vendor/illuminate/container/Container.php(531): Illuminate\Container\BoundMethod::call(Object(Laravel\Lumen\Application), Array, Array, NULL)
#18 /var/www/html/vendor/illuminate/console/Command.php(182): Illuminate\Container\Container->call(Array)
#19 /var/www/html/vendor/symfony/console/Command/Command.php(264): Illuminate\Console\Command->execute(Object(Symfony\Component\Console\Input\ArgvInput), Object(Illuminate\Console\OutputStyle))
#20 /var/www/html/vendor/illuminate/console/Command.php(167): Symfony\Component\Console\Command\Command->run(Object(Symfony\Component\Console\Input\ArgvInput), Object(Illuminate\Console\OutputStyle))
#21 /var/www/html/vendor/symfony/console/Application.php(869): Illuminate\Console\Command->run(Object(Symfony\Component\Console\Input\ArgvInput), Object(Symfony\Component\Console\Output\ConsoleOutput))
#22 /var/www/html/vendor/symfony/console/Application.php(223): Symfony\Component\Console\Application->doRunCommand(Object(Illuminate\Database\Console\Migrations\MigrateCommand), Object(Symfony\Component\Console\Input\ArgvInput), Object(Symfony\Component\Console\Output\ConsoleOutput))
#23 /var/www/html/vendor/symfony/console/Application.php(130): Symfony\Component\Console\Application->doRun(Object(Symfony\Component\Console\Input\ArgvInput), Object(Symfony\Component\Console\Output\ConsoleOutput))
#24 /var/www/html/vendor/laravel/lumen-framework/src/Console/Kernel.php(84): Symfony\Component\Console\Application->run(Object(Symfony\Component\Console\Input\ArgvInput), Object(Symfony\Component\Console\Output\ConsoleOutput))
#25 /var/www/html/artisan(35): Laravel\Lumen\Console\Kernel->handle(Object(Symfony\Component\Console\Input\ArgvInput), Object(Symfony\Component\Console\Output\ConsoleOutput))
#26 {main}  
[2017-05-31 10:14:18] lumen.ERROR: PDOException: SQLSTATE[42000]: Syntax error or access violation: 1072 Key column 'breed_id' doesn't exist in table in /var/www/html/vendor/illuminate/database/Connection.php:449
Stack trace:
#0 /var/www/html/vendor/illuminate/database/Connection.php(449): PDOStatement->execute()
#1 /var/www/html/vendor/illuminate/database/Connection.php(640): Illuminate\Database\Connection->Illuminate\Database\{closure}('alter table `do...', Array)
#2 /var/www/html/vendor/illuminate/database/Connection.php(607): Illuminate\Database\Connection->runQueryCallback('alter table `do...', Array, Object(Closure))
#3 /var/www/html/vendor/illuminate/database/Connection.php(450): Illuminate\Database\Connection->run('alter table `do...', Array, Object(Closure))
#4 /var/www/html/vendor/illuminate/database/Schema/Blueprint.php(83): Illuminate\Database\Connection->statement('alter table `do...')
#5 /var/www/html/vendor/illuminate/database/Schema/Builder.php(239): Illuminate\Database\Schema\Blueprint->build(Object(Illuminate\Database\MySqlConnection), Object(Illuminate\Database\Schema\Grammars\MySqlGrammar))
#6 /var/www/html/vendor/illuminate/database/Schema/Builder.php(148): Illuminate\Database\Schema\Builder->build(Object(Illuminate\Database\Schema\Blueprint))
#7 /var/www/html/vendor/illuminate/support/Facades/Facade.php(221): Illuminate\Database\Schema\Builder->table('dogs', Object(Closure))
#8 /var/www/html/database/migrations/2017_05_31_100723_foreign_key_between_dogs_breeds.php(17): Illuminate\Support\Facades\Facade::__callStatic('table', Array)
#9 /var/www/html/vendor/illuminate/database/Migrations/Migrator.php(353): ForeignKeyBetweenDogsBreeds->up()
#10 /var/www/html/vendor/illuminate/database/Migrations/Migrator.php(359): Illuminate\Database\Migrations\Migrator->Illuminate\Database\Migrations\{closure}()
#11 /var/www/html/vendor/illuminate/database/Migrations/Migrator.php(177): Illuminate\Database\Migrations\Migrator->runMigration(Object(ForeignKeyBetweenDogsBreeds), 'up')
#12 /var/www/html/vendor/illuminate/database/Migrations/Migrator.php(146): Illuminate\Database\Migrations\Migrator->runUp('/var/www/html/d...', 2, false)
#13 /var/www/html/vendor/illuminate/database/Migrations/Migrator.php(95): Illuminate\Database\Migrations\Migrator->runPending(Array, Array)
#14 /var/www/html/vendor/illuminate/database/Console/Migrations/MigrateCommand.php(69): Illuminate\Database\Migrations\Migrator->run(Array, Array)
#15 [internal function]: Illuminate\Database\Console\Migrations\MigrateCommand->fire()
#16 /var/www/html/vendor/illuminate/container/BoundMethod.php(29): call_user_func_array(Array, Array)
#17 /var/www/html/vendor/illuminate/container/BoundMethod.php(87): Illuminate\Container\BoundMethod::Illuminate\Container\{closure}()
#18 /var/www/html/vendor/illuminate/container/BoundMethod.php(31): Illuminate\Container\BoundMethod::callBoundMethod(Object(Laravel\Lumen\Application), Array, Object(Closure))
#19 /var/www/html/vendor/illuminate/container/Container.php(531): Illuminate\Container\BoundMethod::call(Object(Laravel\Lumen\Application), Array, Array, NULL)
#20 /var/www/html/vendor/illuminate/console/Command.php(182): Illuminate\Container\Container->call(Array)
#21 /var/www/html/vendor/symfony/console/Command/Command.php(264): Illuminate\Console\Command->execute(Object(Symfony\Component\Console\Input\ArgvInput), Object(Illuminate\Console\OutputStyle))
#22 /var/www/html/vendor/illuminate/console/Command.php(167): Symfony\Component\Console\Command\Command->run(Object(Symfony\Component\Console\Input\ArgvInput), Object(Illuminate\Console\OutputStyle))
#23 /var/www/html/vendor/symfony/console/Application.php(869): Illuminate\Console\Command->run(Object(Symfony\Component\Console\Input\ArgvInput), Object(Symfony\Component\Console\Output\ConsoleOutput))
#24 /var/www/html/vendor/symfony/console/Application.php(223): Symfony\Component\Console\Application->doRunCommand(Object(Illuminate\Database\Console\Migrations\MigrateCommand), Object(Symfony\Component\Console\Input\ArgvInput), Object(Symfony\Component\Console\Output\ConsoleOutput))
#25 /var/www/html/vendor/symfony/console/Application.php(130): Symfony\Component\Console\Application->doRun(Object(Symfony\Component\Console\Input\ArgvInput), Object(Symfony\Component\Console\Output\ConsoleOutput))
#26 /var/www/html/vendor/laravel/lumen-framework/src/Console/Kernel.php(84): Symfony\Component\Console\Application->run(Object(Symfony\Component\Console\Input\ArgvInput), Object(Symfony\Component\Console\Output\ConsoleOutput))
#27 /var/www/html/artisan(35): Laravel\Lumen\Console\Kernel->handle(Object(Symfony\Component\Console\Input\ArgvInput), Object(Symfony\Component\Console\Output\ConsoleOutput))
#28 {main}

Next Illuminate\Database\QueryException: SQLSTATE[42000]: Syntax error or access violation: 1072 Key column 'breed_id' doesn't exist in table (SQL: alter table `dogs` add constraint `dogs_breed_id_foreign` foreign key (`breed_id`) references `breeds` (`id`)) in /var/www/html/vendor/illuminate/database/Connection.php:647
Stack trace:
#0 /var/www/html/vendor/illuminate/database/Connection.php(607): Illuminate\Database\Connection->runQueryCallback('alter table `do...', Array, Object(Closure))
#1 /var/www/html/vendor/illuminate/database/Connection.php(450): Illuminate\Database\Connection->run('alter table `do...', Array, Object(Closure))
#2 /var/www/html/vendor/illuminate/database/Schema/Blueprint.php(83): Illuminate\Database\Connection->statement('alter table `do...')
#3 /var/www/html/vendor/illuminate/database/Schema/Builder.php(239): Illuminate\Database\Schema\Blueprint->build(Object(Illuminate\Database\MySqlConnection), Object(Illuminate\Database\Schema\Grammars\MySqlGrammar))
#4 /var/www/html/vendor/illuminate/database/Schema/Builder.php(148): Illuminate\Database\Schema\Builder->build(Object(Illuminate\Database\Schema\Blueprint))
#5 /var/www/html/vendor/illuminate/support/Facades/Facade.php(221): Illuminate\Database\Schema\Builder->table('dogs', Object(Closure))
#6 /var/www/html/database/migrations/2017_05_31_100723_foreign_key_between_dogs_breeds.php(17): Illuminate\Support\Facades\Facade::__callStatic('table', Array)
#7 /var/www/html/vendor/illuminate/database/Migrations/Migrator.php(353): ForeignKeyBetweenDogsBreeds->up()
#8 /var/www/html/vendor/illuminate/database/Migrations/Migrator.php(359): Illuminate\Database\Migrations\Migrator->Illuminate\Database\Migrations\{closure}()
#9 /var/www/html/vendor/illuminate/database/Migrations/Migrator.php(177): Illuminate\Database\Migrations\Migrator->runMigration(Object(ForeignKeyBetweenDogsBreeds), 'up')
#10 /var/www/html/vendor/illuminate/database/Migrations/Migrator.php(146): Illuminate\Database\Migrations\Migrator->runUp('/var/www/html/d...', 2, false)
#11 /var/www/html/vendor/illuminate/database/Migrations/Migrator.php(95): Illuminate\Database\Migrations\Migrator->runPending(Array, Array)
#12 /var/www/html/vendor/illuminate/database/Console/Migrations/MigrateCommand.php(69): Illuminate\Database\Migrations\Migrator->run(Array, Array)
#13 [internal function]: Illuminate\Database\Console\Migrations\MigrateCommand->fire()
#14 /var/www/html/vendor/illuminate/container/BoundMethod.php(29): call_user_func_array(Array, Array)
#15 /var/www/html/vendor/illuminate/container/BoundMethod.php(87): Illuminate\Container\BoundMethod::Illuminate\Container\{closure}()
#16 /var/www/html/vendor/illuminate/container/BoundMethod.php(31): Illuminate\Container\BoundMethod::callBoundMethod(Object(Laravel\Lumen\Application), Array, Object(Closure))
#17 /var/www/html/vendor/illuminate/container/Container.php(531): Illuminate\Container\BoundMethod::call(Object(Laravel\Lumen\Application), Array, Array, NULL)
#18 /var/www/html/vendor/illuminate/console/Command.php(182): Illuminate\Container\Container->call(Array)
#19 /var/www/html/vendor/symfony/console/Command/Command.php(264): Illuminate\Console\Command->execute(Object(Symfony\Component\Console\Input\ArgvInput), Object(Illuminate\Console\OutputStyle))
#20 /var/www/html/vendor/illuminate/console/Command.php(167): Symfony\Component\Console\Command\Command->run(Object(Symfony\Component\Console\Input\ArgvInput), Object(Illuminate\Console\OutputStyle))
#21 /var/www/html/vendor/symfony/console/Application.php(869): Illuminate\Console\Command->run(Object(Symfony\Component\Console\Input\ArgvInput), Object(Symfony\Component\Console\Output\ConsoleOutput))
#22 /var/www/html/vendor/symfony/console/Application.php(223): Symfony\Component\Console\Application->doRunCommand(Object(Illuminate\Database\Console\Migrations\MigrateCommand), Object(Symfony\Component\Console\Input\ArgvInput), Object(Symfony\Component\Console\Output\ConsoleOutput))
#23 /var/www/html/vendor/symfony/console/Application.php(130): Symfony\Component\Console\Application->doRun(Object(Symfony\Component\Console\Input\ArgvInput), Object(Symfony\Component\Console\Output\ConsoleOutput))
#24 /var/www/html/vendor/laravel/lumen-framework/src/Console/Kernel.php(84): Symfony\Component\Console\Application->run(Object(Symfony\Component\Console\Input\ArgvInput), Object(Symfony\Component\Console\Output\ConsoleOutput))
#25 /var/www/html/artisan(35): Laravel\Lumen\Console\Kernel->handle(Object(Symfony\Component\Console\Input\ArgvInput), Object(Symfony\Component\Console\Output\ConsoleOutput))
#26 {main}  
[2017-05-31 10:14:50] lumen.ERROR: PDOException: SQLSTATE[42000]: Syntax error or access violation: 1072 Key column 'breed_id' doesn't exist in table in /var/www/html/vendor/illuminate/database/Connection.php:449
Stack trace:
#0 /var/www/html/vendor/illuminate/database/Connection.php(449): PDOStatement->execute()
#1 /var/www/html/vendor/illuminate/database/Connection.php(640): Illuminate\Database\Connection->Illuminate\Database\{closure}('alter table `do...', Array)
#2 /var/www/html/vendor/illuminate/database/Connection.php(607): Illuminate\Database\Connection->runQueryCallback('alter table `do...', Array, Object(Closure))
#3 /var/www/html/vendor/illuminate/database/Connection.php(450): Illuminate\Database\Connection->run('alter table `do...', Array, Object(Closure))
#4 /var/www/html/vendor/illuminate/database/Schema/Blueprint.php(83): Illuminate\Database\Connection->statement('alter table `do...')
#5 /var/www/html/vendor/illuminate/database/Schema/Builder.php(239): Illuminate\Database\Schema\Blueprint->build(Object(Illuminate\Database\MySqlConnection), Object(Illuminate\Database\Schema\Grammars\MySqlGrammar))
#6 /var/www/html/vendor/illuminate/database/Schema/Builder.php(148): Illuminate\Database\Schema\Builder->build(Object(Illuminate\Database\Schema\Blueprint))
#7 /var/www/html/vendor/illuminate/support/Facades/Facade.php(221): Illuminate\Database\Schema\Builder->table('dogs', Object(Closure))
#8 /var/www/html/database/migrations/2017_05_31_100723_foreign_key_between_dogs_breeds.php(17): Illuminate\Support\Facades\Facade::__callStatic('table', Array)
#9 /var/www/html/vendor/illuminate/database/Migrations/Migrator.php(353): ForeignKeyBetweenDogsBreeds->up()
#10 /var/www/html/vendor/illuminate/database/Migrations/Migrator.php(359): Illuminate\Database\Migrations\Migrator->Illuminate\Database\Migrations\{closure}()
#11 /var/www/html/vendor/illuminate/database/Migrations/Migrator.php(177): Illuminate\Database\Migrations\Migrator->runMigration(Object(ForeignKeyBetweenDogsBreeds), 'up')
#12 /var/www/html/vendor/illuminate/database/Migrations/Migrator.php(146): Illuminate\Database\Migrations\Migrator->runUp('/var/www/html/d...', 3, false)
#13 /var/www/html/vendor/illuminate/database/Migrations/Migrator.php(95): Illuminate\Database\Migrations\Migrator->runPending(Array, Array)
#14 /var/www/html/vendor/illuminate/database/Console/Migrations/MigrateCommand.php(69): Illuminate\Database\Migrations\Migrator->run(Array, Array)
#15 [internal function]: Illuminate\Database\Console\Migrations\MigrateCommand->fire()
#16 /var/www/html/vendor/illuminate/container/BoundMethod.php(29): call_user_func_array(Array, Array)
#17 /var/www/html/vendor/illuminate/container/BoundMethod.php(87): Illuminate\Container\BoundMethod::Illuminate\Container\{closure}()
#18 /var/www/html/vendor/illuminate/container/BoundMethod.php(31): Illuminate\Container\BoundMethod::callBoundMethod(Object(Laravel\Lumen\Application), Array, Object(Closure))
#19 /var/www/html/vendor/illuminate/container/Container.php(531): Illuminate\Container\BoundMethod::call(Object(Laravel\Lumen\Application), Array, Array, NULL)
#20 /var/www/html/vendor/illuminate/console/Command.php(182): Illuminate\Container\Container->call(Array)
#21 /var/www/html/vendor/symfony/console/Command/Command.php(264): Illuminate\Console\Command->execute(Object(Symfony\Component\Console\Input\ArgvInput), Object(Illuminate\Console\OutputStyle))
#22 /var/www/html/vendor/illuminate/console/Command.php(167): Symfony\Component\Console\Command\Command->run(Object(Symfony\Component\Console\Input\ArgvInput), Object(Illuminate\Console\OutputStyle))
#23 /var/www/html/vendor/symfony/console/Application.php(869): Illuminate\Console\Command->run(Object(Symfony\Component\Console\Input\ArgvInput), Object(Symfony\Component\Console\Output\ConsoleOutput))
#24 /var/www/html/vendor/symfony/console/Application.php(223): Symfony\Component\Console\Application->doRunCommand(Object(Illuminate\Database\Console\Migrations\MigrateCommand), Object(Symfony\Component\Console\Input\ArgvInput), Object(Symfony\Component\Console\Output\ConsoleOutput))
#25 /var/www/html/vendor/symfony/console/Application.php(130): Symfony\Component\Console\Application->doRun(Object(Symfony\Component\Console\Input\ArgvInput), Object(Symfony\Component\Console\Output\ConsoleOutput))
#26 /var/www/html/vendor/laravel/lumen-framework/src/Console/Kernel.php(84): Symfony\Component\Console\Application->run(Object(Symfony\Component\Console\Input\ArgvInput), Object(Symfony\Component\Console\Output\ConsoleOutput))
#27 /var/www/html/artisan(35): Laravel\Lumen\Console\Kernel->handle(Object(Symfony\Component\Console\Input\ArgvInput), Object(Symfony\Component\Console\Output\ConsoleOutput))
#28 {main}

Next Illuminate\Database\QueryException: SQLSTATE[42000]: Syntax error or access violation: 1072 Key column 'breed_id' doesn't exist in table (SQL: alter table `dogs` add constraint `dogs_breed_id_foreign` foreign key (`breed_id`) references `breeds` (`id`)) in /var/www/html/vendor/illuminate/database/Connection.php:647
Stack trace:
#0 /var/www/html/vendor/illuminate/database/Connection.php(607): Illuminate\Database\Connection->runQueryCallback('alter table `do...', Array, Object(Closure))
#1 /var/www/html/vendor/illuminate/database/Connection.php(450): Illuminate\Database\Connection->run('alter table `do...', Array, Object(Closure))
#2 /var/www/html/vendor/illuminate/database/Schema/Blueprint.php(83): Illuminate\Database\Connection->statement('alter table `do...')
#3 /var/www/html/vendor/illuminate/database/Schema/Builder.php(239): Illuminate\Database\Schema\Blueprint->build(Object(Illuminate\Database\MySqlConnection), Object(Illuminate\Database\Schema\Grammars\MySqlGrammar))
#4 /var/www/html/vendor/illuminate/database/Schema/Builder.php(148): Illuminate\Database\Schema\Builder->build(Object(Illuminate\Database\Schema\Blueprint))
#5 /var/www/html/vendor/illuminate/support/Facades/Facade.php(221): Illuminate\Database\Schema\Builder->table('dogs', Object(Closure))
#6 /var/www/html/database/migrations/2017_05_31_100723_foreign_key_between_dogs_breeds.php(17): Illuminate\Support\Facades\Facade::__callStatic('table', Array)
#7 /var/www/html/vendor/illuminate/database/Migrations/Migrator.php(353): ForeignKeyBetweenDogsBreeds->up()
#8 /var/www/html/vendor/illuminate/database/Migrations/Migrator.php(359): Illuminate\Database\Migrations\Migrator->Illuminate\Database\Migrations\{closure}()
#9 /var/www/html/vendor/illuminate/database/Migrations/Migrator.php(177): Illuminate\Database\Migrations\Migrator->runMigration(Object(ForeignKeyBetweenDogsBreeds), 'up')
#10 /var/www/html/vendor/illuminate/database/Migrations/Migrator.php(146): Illuminate\Database\Migrations\Migrator->runUp('/var/www/html/d...', 3, false)
#11 /var/www/html/vendor/illuminate/database/Migrations/Migrator.php(95): Illuminate\Database\Migrations\Migrator->runPending(Array, Array)
#12 /var/www/html/vendor/illuminate/database/Console/Migrations/MigrateCommand.php(69): Illuminate\Database\Migrations\Migrator->run(Array, Array)
#13 [internal function]: Illuminate\Database\Console\Migrations\MigrateCommand->fire()
#14 /var/www/html/vendor/illuminate/container/BoundMethod.php(29): call_user_func_array(Array, Array)
#15 /var/www/html/vendor/illuminate/container/BoundMethod.php(87): Illuminate\Container\BoundMethod::Illuminate\Container\{closure}()
#16 /var/www/html/vendor/illuminate/container/BoundMethod.php(31): Illuminate\Container\BoundMethod::callBoundMethod(Object(Laravel\Lumen\Application), Array, Object(Closure))
#17 /var/www/html/vendor/illuminate/container/Container.php(531): Illuminate\Container\BoundMethod::call(Object(Laravel\Lumen\Application), Array, Array, NULL)
#18 /var/www/html/vendor/illuminate/console/Command.php(182): Illuminate\Container\Container->call(Array)
#19 /var/www/html/vendor/symfony/console/Command/Command.php(264): Illuminate\Console\Command->execute(Object(Symfony\Component\Console\Input\ArgvInput), Object(Illuminate\Console\OutputStyle))
#20 /var/www/html/vendor/illuminate/console/Command.php(167): Symfony\Component\Console\Command\Command->run(Object(Symfony\Component\Console\Input\ArgvInput), Object(Illuminate\Console\OutputStyle))
#21 /var/www/html/vendor/symfony/console/Application.php(869): Illuminate\Console\Command->run(Object(Symfony\Component\Console\Input\ArgvInput), Object(Symfony\Component\Console\Output\ConsoleOutput))
#22 /var/www/html/vendor/symfony/console/Application.php(223): Symfony\Component\Console\Application->doRunCommand(Object(Illuminate\Database\Console\Migrations\MigrateCommand), Object(Symfony\Component\Console\Input\ArgvInput), Object(Symfony\Component\Console\Output\ConsoleOutput))
#23 /var/www/html/vendor/symfony/console/Application.php(130): Symfony\Component\Console\Application->doRun(Object(Symfony\Component\Console\Input\ArgvInput), Object(Symfony\Component\Console\Output\ConsoleOutput))
#24 /var/www/html/vendor/laravel/lumen-framework/src/Console/Kernel.php(84): Symfony\Component\Console\Application->run(Object(Symfony\Component\Console\Input\ArgvInput), Object(Symfony\Component\Console\Output\ConsoleOutput))
#25 /var/www/html/artisan(35): Laravel\Lumen\Console\Kernel->handle(Object(Symfony\Component\Console\Input\ArgvInput), Object(Symfony\Component\Console\Output\ConsoleOutput))
#26 {main}  
[2017-05-31 10:14:59] lumen.ERROR: ErrorException: Use of undefined constant breed_id - assumed 'breed_id' in /var/www/html/database/migrations/2017_05_31_095628_create_dogs_table.php:19
Stack trace:
#0 /var/www/html/database/migrations/2017_05_31_095628_create_dogs_table.php(19): Laravel\Lumen\Application->Laravel\Lumen\Concerns\{closure}(8, 'Use of undefine...', '/var/www/html/d...', 19, Array)
#1 /var/www/html/vendor/illuminate/database/Schema/Builder.php(163): CreateDogsTable->{closure}(Object(Illuminate\Database\Schema\Blueprint))
#2 /var/www/html/vendor/illuminate/support/helpers.php(878): Illuminate\Database\Schema\Builder->Illuminate\Database\Schema\{closure}(Object(Illuminate\Database\Schema\Blueprint))
#3 /var/www/html/vendor/illuminate/database/Schema/Builder.php(164): tap(Object(Illuminate\Database\Schema\Blueprint), Object(Closure))
#4 /var/www/html/vendor/illuminate/support/Facades/Facade.php(221): Illuminate\Database\Schema\Builder->create('dogs', Object(Closure))
#5 /var/www/html/database/migrations/2017_05_31_095628_create_dogs_table.php(21): Illuminate\Support\Facades\Facade::__callStatic('create', Array)
#6 /var/www/html/vendor/illuminate/database/Migrations/Migrator.php(353): CreateDogsTable->up()
#7 /var/www/html/vendor/illuminate/database/Migrations/Migrator.php(359): Illuminate\Database\Migrations\Migrator->Illuminate\Database\Migrations\{closure}()
#8 /var/www/html/vendor/illuminate/database/Migrations/Migrator.php(177): Illuminate\Database\Migrations\Migrator->runMigration(Object(CreateDogsTable), 'up')
#9 /var/www/html/vendor/illuminate/database/Migrations/Migrator.php(146): Illuminate\Database\Migrations\Migrator->runUp('/var/www/html/d...', 1, false)
#10 /var/www/html/vendor/illuminate/database/Migrations/Migrator.php(95): Illuminate\Database\Migrations\Migrator->runPending(Array, Array)
#11 /var/www/html/vendor/illuminate/database/Console/Migrations/MigrateCommand.php(69): Illuminate\Database\Migrations\Migrator->run(Array, Array)
#12 [internal function]: Illuminate\Database\Console\Migrations\MigrateCommand->fire()
#13 /var/www/html/vendor/illuminate/container/BoundMethod.php(29): call_user_func_array(Array, Array)
#14 /var/www/html/vendor/illuminate/container/BoundMethod.php(87): Illuminate\Container\BoundMethod::Illuminate\Container\{closure}()
#15 /var/www/html/vendor/illuminate/container/BoundMethod.php(31): Illuminate\Container\BoundMethod::callBoundMethod(Object(Laravel\Lumen\Application), Array, Object(Closure))
#16 /var/www/html/vendor/illuminate/container/Container.php(531): Illuminate\Container\BoundMethod::call(Object(Laravel\Lumen\Application), Array, Array, NULL)
#17 /var/www/html/vendor/illuminate/console/Command.php(182): Illuminate\Container\Container->call(Array)
#18 /var/www/html/vendor/symfony/console/Command/Command.php(264): Illuminate\Console\Command->execute(Object(Symfony\Component\Console\Input\ArgvInput), Object(Illuminate\Console\OutputStyle))
#19 /var/www/html/vendor/illuminate/console/Command.php(167): Symfony\Component\Console\Command\Command->run(Object(Symfony\Component\Console\Input\ArgvInput), Object(Illuminate\Console\OutputStyle))
#20 /var/www/html/vendor/symfony/console/Application.php(869): Illuminate\Console\Command->run(Object(Symfony\Component\Console\Input\ArgvInput), Object(Symfony\Component\Console\Output\ConsoleOutput))
#21 /var/www/html/vendor/symfony/console/Application.php(223): Symfony\Component\Console\Application->doRunCommand(Object(Illuminate\Database\Console\Migrations\MigrateCommand), Object(Symfony\Component\Console\Input\ArgvInput), Object(Symfony\Component\Console\Output\ConsoleOutput))
#22 /var/www/html/vendor/symfony/console/Application.php(130): Symfony\Component\Console\Application->doRun(Object(Symfony\Component\Console\Input\ArgvInput), Object(Symfony\Component\Console\Output\ConsoleOutput))
#23 /var/www/html/vendor/laravel/lumen-framework/src/Console/Kernel.php(84): Symfony\Component\Console\Application->run(Object(Symfony\Component\Console\Input\ArgvInput), Object(Symfony\Component\Console\Output\ConsoleOutput))
#24 /var/www/html/artisan(35): Laravel\Lumen\Console\Kernel->handle(Object(Symfony\Component\Console\Input\ArgvInput), Object(Symfony\Component\Console\Output\ConsoleOutput))
#25 {main}  
[2017-05-31 10:18:17] lumen.ERROR: PDOException: SQLSTATE[42000]: Syntax error or access violation: 1091 Can't DROP 'breed_id'; check that column/key exists in /var/www/html/vendor/illuminate/database/Connection.php:449
Stack trace:
#0 /var/www/html/vendor/illuminate/database/Connection.php(449): PDOStatement->execute()
#1 /var/www/html/vendor/illuminate/database/Connection.php(640): Illuminate\Database\Connection->Illuminate\Database\{closure}('alter table `do...', Array)
#2 /var/www/html/vendor/illuminate/database/Connection.php(607): Illuminate\Database\Connection->runQueryCallback('alter table `do...', Array, Object(Closure))
#3 /var/www/html/vendor/illuminate/database/Connection.php(450): Illuminate\Database\Connection->run('alter table `do...', Array, Object(Closure))
#4 /var/www/html/vendor/illuminate/database/Schema/Blueprint.php(83): Illuminate\Database\Connection->statement('alter table `do...')
#5 /var/www/html/vendor/illuminate/database/Schema/Builder.php(239): Illuminate\Database\Schema\Blueprint->build(Object(Illuminate\Database\MySqlConnection), Object(Illuminate\Database\Schema\Grammars\MySqlGrammar))
#6 /var/www/html/vendor/illuminate/database/Schema/Builder.php(148): Illuminate\Database\Schema\Builder->build(Object(Illuminate\Database\Schema\Blueprint))
#7 /var/www/html/vendor/illuminate/support/Facades/Facade.php(221): Illuminate\Database\Schema\Builder->table('dogs', Object(Closure))
#8 /var/www/html/database/migrations/2017_05_31_100723_foreign_key_between_dogs_breeds.php(28): Illuminate\Support\Facades\Facade::__callStatic('table', Array)
#9 /var/www/html/vendor/illuminate/database/Migrations/Migrator.php(353): ForeignKeyBetweenDogsBreeds->down()
#10 /var/www/html/vendor/illuminate/database/Migrations/Migrator.php(359): Illuminate\Database\Migrations\Migrator->Illuminate\Database\Migrations\{closure}()
#11 /var/www/html/vendor/illuminate/database/Migrations/Migrator.php(328): Illuminate\Database\Migrations\Migrator->runMigration(Object(ForeignKeyBetweenDogsBreeds), 'down')
#12 /var/www/html/vendor/illuminate/database/Migrations/Migrator.php(251): Illuminate\Database\Migrations\Migrator->runDown('/var/www/html/d...', Object(stdClass), false)
#13 /var/www/html/vendor/illuminate/database/Migrations/Migrator.php(301): Illuminate\Database\Migrations\Migrator->rollbackMigrations(Array, Array, Array)
#14 /var/www/html/vendor/illuminate/database/Migrations/Migrator.php(279): Illuminate\Database\Migrations\Migrator->resetMigrations(Array, Array, false)
#15 /var/www/html/vendor/illuminate/database/Console/Migrations/ResetCommand.php(68): Illuminate\Database\Migrations\Migrator->reset(Array, false)
#16 [internal function]: Illuminate\Database\Console\Migrations\ResetCommand->fire()
#17 /var/www/html/vendor/illuminate/container/BoundMethod.php(29): call_user_func_array(Array, Array)
#18 /var/www/html/vendor/illuminate/container/BoundMethod.php(87): Illuminate\Container\BoundMethod::Illuminate\Container\{closure}()
#19 /var/www/html/vendor/illuminate/container/BoundMethod.php(31): Illuminate\Container\BoundMethod::callBoundMethod(Object(Laravel\Lumen\Application), Array, Object(Closure))
#20 /var/www/html/vendor/illuminate/container/Container.php(531): Illuminate\Container\BoundMethod::call(Object(Laravel\Lumen\Application), Array, Array, NULL)
#21 /var/www/html/vendor/illuminate/console/Command.php(182): Illuminate\Container\Container->call(Array)
#22 /var/www/html/vendor/symfony/console/Command/Command.php(264): Illuminate\Console\Command->execute(Object(Symfony\Component\Console\Input\ArgvInput), Object(Illuminate\Console\OutputStyle))
#23 /var/www/html/vendor/illuminate/console/Command.php(167): Symfony\Component\Console\Command\Command->run(Object(Symfony\Component\Console\Input\ArgvInput), Object(Illuminate\Console\OutputStyle))
#24 /var/www/html/vendor/symfony/console/Application.php(869): Illuminate\Console\Command->run(Object(Symfony\Component\Console\Input\ArgvInput), Object(Symfony\Component\Console\Output\ConsoleOutput))
#25 /var/www/html/vendor/symfony/console/Application.php(223): Symfony\Component\Console\Application->doRunCommand(Object(Illuminate\Database\Console\Migrations\ResetCommand), Object(Symfony\Component\Console\Input\ArgvInput), Object(Symfony\Component\Console\Output\ConsoleOutput))
#26 /var/www/html/vendor/symfony/console/Application.php(130): Symfony\Component\Console\Application->doRun(Object(Symfony\Component\Console\Input\ArgvInput), Object(Symfony\Component\Console\Output\ConsoleOutput))
#27 /var/www/html/vendor/laravel/lumen-framework/src/Console/Kernel.php(84): Symfony\Component\Console\Application->run(Object(Symfony\Component\Console\Input\ArgvInput), Object(Symfony\Component\Console\Output\ConsoleOutput))
#28 /var/www/html/artisan(35): Laravel\Lumen\Console\Kernel->handle(Object(Symfony\Component\Console\Input\ArgvInput), Object(Symfony\Component\Console\Output\ConsoleOutput))
#29 {main}

Next Illuminate\Database\QueryException: SQLSTATE[42000]: Syntax error or access violation: 1091 Can't DROP 'breed_id'; check that column/key exists (SQL: alter table `dogs` drop foreign key `breed_id`) in /var/www/html/vendor/illuminate/database/Connection.php:647
Stack trace:
#0 /var/www/html/vendor/illuminate/database/Connection.php(607): Illuminate\Database\Connection->runQueryCallback('alter table `do...', Array, Object(Closure))
#1 /var/www/html/vendor/illuminate/database/Connection.php(450): Illuminate\Database\Connection->run('alter table `do...', Array, Object(Closure))
#2 /var/www/html/vendor/illuminate/database/Schema/Blueprint.php(83): Illuminate\Database\Connection->statement('alter table `do...')
#3 /var/www/html/vendor/illuminate/database/Schema/Builder.php(239): Illuminate\Database\Schema\Blueprint->build(Object(Illuminate\Database\MySqlConnection), Object(Illuminate\Database\Schema\Grammars\MySqlGrammar))
#4 /var/www/html/vendor/illuminate/database/Schema/Builder.php(148): Illuminate\Database\Schema\Builder->build(Object(Illuminate\Database\Schema\Blueprint))
#5 /var/www/html/vendor/illuminate/support/Facades/Facade.php(221): Illuminate\Database\Schema\Builder->table('dogs', Object(Closure))
#6 /var/www/html/database/migrations/2017_05_31_100723_foreign_key_between_dogs_breeds.php(28): Illuminate\Support\Facades\Facade::__callStatic('table', Array)
#7 /var/www/html/vendor/illuminate/database/Migrations/Migrator.php(353): ForeignKeyBetweenDogsBreeds->down()
#8 /var/www/html/vendor/illuminate/database/Migrations/Migrator.php(359): Illuminate\Database\Migrations\Migrator->Illuminate\Database\Migrations\{closure}()
#9 /var/www/html/vendor/illuminate/database/Migrations/Migrator.php(328): Illuminate\Database\Migrations\Migrator->runMigration(Object(ForeignKeyBetweenDogsBreeds), 'down')
#10 /var/www/html/vendor/illuminate/database/Migrations/Migrator.php(251): Illuminate\Database\Migrations\Migrator->runDown('/var/www/html/d...', Object(stdClass), false)
#11 /var/www/html/vendor/illuminate/database/Migrations/Migrator.php(301): Illuminate\Database\Migrations\Migrator->rollbackMigrations(Array, Array, Array)
#12 /var/www/html/vendor/illuminate/database/Migrations/Migrator.php(279): Illuminate\Database\Migrations\Migrator->resetMigrations(Array, Array, false)
#13 /var/www/html/vendor/illuminate/database/Console/Migrations/ResetCommand.php(68): Illuminate\Database\Migrations\Migrator->reset(Array, false)
#14 [internal function]: Illuminate\Database\Console\Migrations\ResetCommand->fire()
#15 /var/www/html/vendor/illuminate/container/BoundMethod.php(29): call_user_func_array(Array, Array)
#16 /var/www/html/vendor/illuminate/container/BoundMethod.php(87): Illuminate\Container\BoundMethod::Illuminate\Container\{closure}()
#17 /var/www/html/vendor/illuminate/container/BoundMethod.php(31): Illuminate\Container\BoundMethod::callBoundMethod(Object(Laravel\Lumen\Application), Array, Object(Closure))
#18 /var/www/html/vendor/illuminate/container/Container.php(531): Illuminate\Container\BoundMethod::call(Object(Laravel\Lumen\Application), Array, Array, NULL)
#19 /var/www/html/vendor/illuminate/console/Command.php(182): Illuminate\Container\Container->call(Array)
#20 /var/www/html/vendor/symfony/console/Command/Command.php(264): Illuminate\Console\Command->execute(Object(Symfony\Component\Console\Input\ArgvInput), Object(Illuminate\Console\OutputStyle))
#21 /var/www/html/vendor/illuminate/console/Command.php(167): Symfony\Component\Console\Command\Command->run(Object(Symfony\Component\Console\Input\ArgvInput), Object(Illuminate\Console\OutputStyle))
#22 /var/www/html/vendor/symfony/console/Application.php(869): Illuminate\Console\Command->run(Object(Symfony\Component\Console\Input\ArgvInput), Object(Symfony\Component\Console\Output\ConsoleOutput))
#23 /var/www/html/vendor/symfony/console/Application.php(223): Symfony\Component\Console\Application->doRunCommand(Object(Illuminate\Database\Console\Migrations\ResetCommand), Object(Symfony\Component\Console\Input\ArgvInput), Object(Symfony\Component\Console\Output\ConsoleOutput))
#24 /var/www/html/vendor/symfony/console/Application.php(130): Symfony\Component\Console\Application->doRun(Object(Symfony\Component\Console\Input\ArgvInput), Object(Symfony\Component\Console\Output\ConsoleOutput))
#25 /var/www/html/vendor/laravel/lumen-framework/src/Console/Kernel.php(84): Symfony\Component\Console\Application->run(Object(Symfony\Component\Console\Input\ArgvInput), Object(Symfony\Component\Console\Output\ConsoleOutput))
#26 /var/www/html/artisan(35): Laravel\Lumen\Console\Kernel->handle(Object(Symfony\Component\Console\Input\ArgvInput), Object(Symfony\Component\Console\Output\ConsoleOutput))
#27 {main}  
[2017-05-31 10:20:57] lumen.ERROR: PDOException: SQLSTATE[HY000]: General error: 1215 Cannot add foreign key constraint in /var/www/html/vendor/illuminate/database/Connection.php:449
Stack trace:
#0 /var/www/html/vendor/illuminate/database/Connection.php(449): PDOStatement->execute()
#1 /var/www/html/vendor/illuminate/database/Connection.php(640): Illuminate\Database\Connection->Illuminate\Database\{closure}('alter table `do...', Array)
#2 /var/www/html/vendor/illuminate/database/Connection.php(607): Illuminate\Database\Connection->runQueryCallback('alter table `do...', Array, Object(Closure))
#3 /var/www/html/vendor/illuminate/database/Connection.php(450): Illuminate\Database\Connection->run('alter table `do...', Array, Object(Closure))
#4 /var/www/html/vendor/illuminate/database/Schema/Blueprint.php(83): Illuminate\Database\Connection->statement('alter table `do...')
#5 /var/www/html/vendor/illuminate/database/Schema/Builder.php(239): Illuminate\Database\Schema\Blueprint->build(Object(Illuminate\Database\MySqlConnection), Object(Illuminate\Database\Schema\Grammars\MySqlGrammar))
#6 /var/www/html/vendor/illuminate/database/Schema/Builder.php(148): Illuminate\Database\Schema\Builder->build(Object(Illuminate\Database\Schema\Blueprint))
#7 /var/www/html/vendor/illuminate/support/Facades/Facade.php(221): Illuminate\Database\Schema\Builder->table('dogs', Object(Closure))
#8 /var/www/html/database/migrations/2017_05_31_102000_foreign_key_between_dogs_users.php(17): Illuminate\Support\Facades\Facade::__callStatic('table', Array)
#9 /var/www/html/vendor/illuminate/database/Migrations/Migrator.php(353): ForeignKeyBetweenDogsUsers->up()
#10 /var/www/html/vendor/illuminate/database/Migrations/Migrator.php(359): Illuminate\Database\Migrations\Migrator->Illuminate\Database\Migrations\{closure}()
#11 /var/www/html/vendor/illuminate/database/Migrations/Migrator.php(177): Illuminate\Database\Migrations\Migrator->runMigration(Object(ForeignKeyBetweenDogsUsers), 'up')
#12 /var/www/html/vendor/illuminate/database/Migrations/Migrator.php(146): Illuminate\Database\Migrations\Migrator->runUp('/var/www/html/d...', 1, false)
#13 /var/www/html/vendor/illuminate/database/Migrations/Migrator.php(95): Illuminate\Database\Migrations\Migrator->runPending(Array, Array)
#14 /var/www/html/vendor/illuminate/database/Console/Migrations/MigrateCommand.php(69): Illuminate\Database\Migrations\Migrator->run(Array, Array)
#15 [internal function]: Illuminate\Database\Console\Migrations\MigrateCommand->fire()
#16 /var/www/html/vendor/illuminate/container/BoundMethod.php(29): call_user_func_array(Array, Array)
#17 /var/www/html/vendor/illuminate/container/BoundMethod.php(87): Illuminate\Container\BoundMethod::Illuminate\Container\{closure}()
#18 /var/www/html/vendor/illuminate/container/BoundMethod.php(31): Illuminate\Container\BoundMethod::callBoundMethod(Object(Laravel\Lumen\Application), Array, Object(Closure))
#19 /var/www/html/vendor/illuminate/container/Container.php(531): Illuminate\Container\BoundMethod::call(Object(Laravel\Lumen\Application), Array, Array, NULL)
#20 /var/www/html/vendor/illuminate/console/Command.php(182): Illuminate\Container\Container->call(Array)
#21 /var/www/html/vendor/symfony/console/Command/Command.php(264): Illuminate\Console\Command->execute(Object(Symfony\Component\Console\Input\ArgvInput), Object(Illuminate\Console\OutputStyle))
#22 /var/www/html/vendor/illuminate/console/Command.php(167): Symfony\Component\Console\Command\Command->run(Object(Symfony\Component\Console\Input\ArgvInput), Object(Illuminate\Console\OutputStyle))
#23 /var/www/html/vendor/symfony/console/Application.php(869): Illuminate\Console\Command->run(Object(Symfony\Component\Console\Input\ArgvInput), Object(Symfony\Component\Console\Output\ConsoleOutput))
#24 /var/www/html/vendor/symfony/console/Application.php(223): Symfony\Component\Console\Application->doRunCommand(Object(Illuminate\Database\Console\Migrations\MigrateCommand), Object(Symfony\Component\Console\Input\ArgvInput), Object(Symfony\Component\Console\Output\ConsoleOutput))
#25 /var/www/html/vendor/symfony/console/Application.php(130): Symfony\Component\Console\Application->doRun(Object(Symfony\Component\Console\Input\ArgvInput), Object(Symfony\Component\Console\Output\ConsoleOutput))
#26 /var/www/html/vendor/laravel/lumen-framework/src/Console/Kernel.php(84): Symfony\Component\Console\Application->run(Object(Symfony\Component\Console\Input\ArgvInput), Object(Symfony\Component\Console\Output\ConsoleOutput))
#27 /var/www/html/artisan(35): Laravel\Lumen\Console\Kernel->handle(Object(Symfony\Component\Console\Input\ArgvInput), Object(Symfony\Component\Console\Output\ConsoleOutput))
#28 {main}

Next Illuminate\Database\QueryException: SQLSTATE[HY000]: General error: 1215 Cannot add foreign key constraint (SQL: alter table `dogs` add constraint `dogs_user_id_foreign` foreign key (`user_id`) references `users` (`id`)) in /var/www/html/vendor/illuminate/database/Connection.php:647
Stack trace:
#0 /var/www/html/vendor/illuminate/database/Connection.php(607): Illuminate\Database\Connection->runQueryCallback('alter table `do...', Array, Object(Closure))
#1 /var/www/html/vendor/illuminate/database/Connection.php(450): Illuminate\Database\Connection->run('alter table `do...', Array, Object(Closure))
#2 /var/www/html/vendor/illuminate/database/Schema/Blueprint.php(83): Illuminate\Database\Connection->statement('alter table `do...')
#3 /var/www/html/vendor/illuminate/database/Schema/Builder.php(239): Illuminate\Database\Schema\Blueprint->build(Object(Illuminate\Database\MySqlConnection), Object(Illuminate\Database\Schema\Grammars\MySqlGrammar))
#4 /var/www/html/vendor/illuminate/database/Schema/Builder.php(148): Illuminate\Database\Schema\Builder->build(Object(Illuminate\Database\Schema\Blueprint))
#5 /var/www/html/vendor/illuminate/support/Facades/Facade.php(221): Illuminate\Database\Schema\Builder->table('dogs', Object(Closure))
#6 /var/www/html/database/migrations/2017_05_31_102000_foreign_key_between_dogs_users.php(17): Illuminate\Support\Facades\Facade::__callStatic('table', Array)
#7 /var/www/html/vendor/illuminate/database/Migrations/Migrator.php(353): ForeignKeyBetweenDogsUsers->up()
#8 /var/www/html/vendor/illuminate/database/Migrations/Migrator.php(359): Illuminate\Database\Migrations\Migrator->Illuminate\Database\Migrations\{closure}()
#9 /var/www/html/vendor/illuminate/database/Migrations/Migrator.php(177): Illuminate\Database\Migrations\Migrator->runMigration(Object(ForeignKeyBetweenDogsUsers), 'up')
#10 /var/www/html/vendor/illuminate/database/Migrations/Migrator.php(146): Illuminate\Database\Migrations\Migrator->runUp('/var/www/html/d...', 1, false)
#11 /var/www/html/vendor/illuminate/database/Migrations/Migrator.php(95): Illuminate\Database\Migrations\Migrator->runPending(Array, Array)
#12 /var/www/html/vendor/illuminate/database/Console/Migrations/MigrateCommand.php(69): Illuminate\Database\Migrations\Migrator->run(Array, Array)
#13 [internal function]: Illuminate\Database\Console\Migrations\MigrateCommand->fire()
#14 /var/www/html/vendor/illuminate/container/BoundMethod.php(29): call_user_func_array(Array, Array)
#15 /var/www/html/vendor/illuminate/container/BoundMethod.php(87): Illuminate\Container\BoundMethod::Illuminate\Container\{closure}()
#16 /var/www/html/vendor/illuminate/container/BoundMethod.php(31): Illuminate\Container\BoundMethod::callBoundMethod(Object(Laravel\Lumen\Application), Array, Object(Closure))
#17 /var/www/html/vendor/illuminate/container/Container.php(531): Illuminate\Container\BoundMethod::call(Object(Laravel\Lumen\Application), Array, Array, NULL)
#18 /var/www/html/vendor/illuminate/console/Command.php(182): Illuminate\Container\Container->call(Array)
#19 /var/www/html/vendor/symfony/console/Command/Command.php(264): Illuminate\Console\Command->execute(Object(Symfony\Component\Console\Input\ArgvInput), Object(Illuminate\Console\OutputStyle))
#20 /var/www/html/vendor/illuminate/console/Command.php(167): Symfony\Component\Console\Command\Command->run(Object(Symfony\Component\Console\Input\ArgvInput), Object(Illuminate\Console\OutputStyle))
#21 /var/www/html/vendor/symfony/console/Application.php(869): Illuminate\Console\Command->run(Object(Symfony\Component\Console\Input\ArgvInput), Object(Symfony\Component\Console\Output\ConsoleOutput))
#22 /var/www/html/vendor/symfony/console/Application.php(223): Symfony\Component\Console\Application->doRunCommand(Object(Illuminate\Database\Console\Migrations\MigrateCommand), Object(Symfony\Component\Console\Input\ArgvInput), Object(Symfony\Component\Console\Output\ConsoleOutput))
#23 /var/www/html/vendor/symfony/console/Application.php(130): Symfony\Component\Console\Application->doRun(Object(Symfony\Component\Console\Input\ArgvInput), Object(Symfony\Component\Console\Output\ConsoleOutput))
#24 /var/www/html/vendor/laravel/lumen-framework/src/Console/Kernel.php(84): Symfony\Component\Console\Application->run(Object(Symfony\Component\Console\Input\ArgvInput), Object(Symfony\Component\Console\Output\ConsoleOutput))
#25 /var/www/html/artisan(35): Laravel\Lumen\Console\Kernel->handle(Object(Symfony\Component\Console\Input\ArgvInput), Object(Symfony\Component\Console\Output\ConsoleOutput))
#26 {main}  
[2017-05-31 10:24:00] lumen.ERROR: Symfony\Component\Console\Exception\CommandNotFoundException: Command "make:model" is not defined.

Did you mean one of these?
    make:migration
    make:seeder in /var/www/html/vendor/symfony/console/Application.php:579
Stack trace:
#0 /var/www/html/vendor/symfony/console/Application.php(204): Symfony\Component\Console\Application->find('make:model')
#1 /var/www/html/vendor/symfony/console/Application.php(130): Symfony\Component\Console\Application->doRun(Object(Symfony\Component\Console\Input\ArgvInput), Object(Symfony\Component\Console\Output\ConsoleOutput))
#2 /var/www/html/vendor/laravel/lumen-framework/src/Console/Kernel.php(84): Symfony\Component\Console\Application->run(Object(Symfony\Component\Console\Input\ArgvInput), Object(Symfony\Component\Console\Output\ConsoleOutput))
#3 /var/www/html/artisan(35): Laravel\Lumen\Console\Kernel->handle(Object(Symfony\Component\Console\Input\ArgvInput), Object(Symfony\Component\Console\Output\ConsoleOutput))
#4 {main}  
[2017-05-31 10:24:36] lumen.ERROR: Symfony\Component\Console\Exception\CommandNotFoundException: Command "make:model" is not defined.

Did you mean one of these?
    make:migration
    make:seeder in /var/www/html/vendor/symfony/console/Application.php:579
Stack trace:
#0 /var/www/html/vendor/symfony/console/Application.php(204): Symfony\Component\Console\Application->find('make:model')
#1 /var/www/html/vendor/symfony/console/Application.php(130): Symfony\Component\Console\Application->doRun(Object(Symfony\Component\Console\Input\ArgvInput), Object(Symfony\Component\Console\Output\ConsoleOutput))
#2 /var/www/html/vendor/laravel/lumen-framework/src/Console/Kernel.php(84): Symfony\Component\Console\Application->run(Object(Symfony\Component\Console\Input\ArgvInput), Object(Symfony\Component\Console\Output\ConsoleOutput))
#3 /var/www/html/artisan(35): Laravel\Lumen\Console\Kernel->handle(Object(Symfony\Component\Console\Input\ArgvInput), Object(Symfony\Component\Console\Output\ConsoleOutput))
#4 {main}  
